Log file open, 04/15/20 18:57:50
LogWindows: Failed to load 'aqProf.dll' (GetLastError=126)
LogWindows: File 'aqProf.dll' does not exist
LogWindows: Failed to load 'VtuneApi.dll' (GetLastError=126)
LogWindows: File 'VtuneApi.dll' does not exist
LogWindows: Failed to load 'VtuneApi32e.dll' (GetLastError=126)
LogWindows: File 'VtuneApi32e.dll' does not exist
LogConsoleResponse: Display: Failed to find resolution value strings in scalability ini. Falling back to default.
LogInit: Display: Running engine for game: UCME_project
LogPlatformFile: Not using cached read wrapper
LogTaskGraph: Started task graph with 5 named threads and 35 total threads with 3 sets of task threads.
LogStats: Stats thread started at 0.589465
LogD3D11RHI: Loaded GFSDK_Aftermath_Lib.x64.dll
LogICUInternationalization: ICU TimeZone Detection - Raw Offset: +1:00, Platform Override: ''
LogPluginManager: Mounting plugin Paper2D
LogPluginManager: Mounting plugin AISupport
LogPluginManager: Mounting plugin LightPropagationVolume
LogPluginManager: Mounting plugin ActorLayerUtilities
LogPluginManager: Mounting plugin AnimationSharing
LogPluginManager: Mounting plugin CLionSourceCodeAccess
LogPluginManager: Mounting plugin CodeLiteSourceCodeAccess
LogPluginManager: Mounting plugin GitSourceControl
LogPluginManager: Mounting plugin KDevelopSourceCodeAccess
LogPluginManager: Mounting plugin NullSourceCodeAccess
LogPluginManager: Mounting plugin PerforceSourceControl
LogPluginManager: Mounting plugin PlasticSourceControl
LogPluginManager: Mounting plugin SubversionSourceControl
LogPluginManager: Mounting plugin UObjectPlugin
LogPluginManager: Mounting plugin VisualStudioCodeSourceCodeAccess
LogPluginManager: Mounting plugin VisualStudioSourceCodeAccess
LogPluginManager: Mounting plugin XCodeSourceCodeAccess
LogPluginManager: Mounting plugin AssetManagerEditor
LogPluginManager: Mounting plugin CryptoKeys
LogPluginManager: Mounting plugin CurveEditorTools
LogPluginManager: Mounting plugin DataValidation
LogPluginManager: Mounting plugin FacialAnimation
LogPluginManager: Mounting plugin GameplayTagsEditor
LogPluginManager: Mounting plugin MacGraphicsSwitching
LogPluginManager: Mounting plugin MaterialAnalyzer
LogPluginManager: Mounting plugin MobileLauncherProfileWizard
LogPluginManager: Mounting plugin PluginBrowser
LogPluginManager: Mounting plugin SpeedTreeImporter
LogPluginManager: Mounting plugin DatasmithContent
LogPluginManager: Mounting plugin VariantManagerContent
LogPluginManager: Mounting plugin AlembicImporter
LogPluginManager: Mounting plugin AutomationUtils
LogPluginManager: Mounting plugin BackChannel
LogPluginManager: Mounting plugin CharacterAI
LogPluginManager: Mounting plugin GeometryCache
LogPluginManager: Mounting plugin PlatformCrypto
LogPluginManager: Mounting plugin ProxyLODPlugin
LogPluginManager: Mounting plugin SkeletalReduction
LogPluginManager: Mounting plugin MagicLeap
LogPluginManager: Mounting plugin MagicLeapMedia
LogPluginManager: Mounting plugin MLSDK
LogPluginManager: Mounting plugin AndroidMedia
LogPluginManager: Mounting plugin AvfMedia
LogPluginManager: Mounting plugin ImgMedia
LogPluginManager: Mounting plugin MediaCompositing
LogPluginManager: Mounting plugin MediaPlayerEditor
LogPluginManager: Mounting plugin WebMMedia
LogPluginManager: Mounting plugin WmfMedia
LogPluginManager: Mounting plugin TcpMessaging
LogPluginManager: Mounting plugin UdpMessaging
LogPluginManager: Mounting plugin ActorSequence
LogPluginManager: Mounting plugin LevelSequenceEditor
LogPluginManager: Mounting plugin MatineeToLevelSequence
LogPluginManager: Mounting plugin NetcodeUnitTest
LogPluginManager: Mounting plugin NUTUnrealEngine4
LogPluginManager: Mounting plugin OnlineSubsystemGooglePlay
LogPluginManager: Mounting plugin OnlineSubsystemIOS
LogPluginManager: Mounting plugin OnlineSubsystem
LogPluginManager: Mounting plugin OnlineSubsystemNull
LogPluginManager: Mounting plugin OnlineSubsystemUtils
LogPluginManager: Mounting plugin LauncherChunkInstaller
LogPluginManager: Mounting plugin AndroidDeviceProfileSelector
LogPluginManager: Mounting plugin AndroidMoviePlayer
LogPluginManager: Mounting plugin AndroidPermission
LogPluginManager: Mounting plugin AppleImageUtils
LogPluginManager: Mounting plugin AppleMoviePlayer
LogPluginManager: Mounting plugin ArchVisCharacter
LogPluginManager: Mounting plugin AssetTags
LogPluginManager: Mounting plugin AudioCapture
LogPluginManager: Mounting plugin CableComponent
LogPluginManager: Mounting plugin CustomMeshComponent
LogPluginManager: Mounting plugin EditableMesh
LogPluginManager: Mounting plugin ExampleDeviceProfileSelector
LogPluginManager: Mounting plugin GoogleCloudMessaging
LogPluginManager: Mounting plugin IOSDeviceProfileSelector
LogPluginManager: Mounting plugin LinuxDeviceProfileSelector
LogPluginManager: Mounting plugin LocationServicesBPLibrary
LogPluginManager: Mounting plugin MobilePatchingUtils
LogPluginManager: Mounting plugin OculusVR
LogPluginManager: Mounting plugin PhysXVehicles
LogPluginManager: Mounting plugin PostSplashScreen
LogPluginManager: Mounting plugin ProceduralMeshComponent
LogPluginManager: Mounting plugin RuntimePhysXCooking
LogPluginManager: Mounting plugin SignificanceManager
LogPluginManager: Mounting plugin SteamVR
LogPluginManager: Mounting plugin WebMMoviePlayer
LogPluginManager: Mounting plugin WindowsMoviePlayer
LogPluginManager: Mounting plugin ScreenshotTools
LogInit: Using libcurl 7.55.1-DEV
LogInit:  - built for x86_64-pc-win32
LogInit:  - supports SSL with OpenSSL/1.1.1
LogInit:  - supports HTTP deflate (compression) using libz 1.2.8
LogInit:  - other features:
LogInit:      CURL_VERSION_SSL
LogInit:      CURL_VERSION_LIBZ
LogInit:      CURL_VERSION_IPV6
LogInit:      CURL_VERSION_ASYNCHDNS
LogInit:      CURL_VERSION_LARGEFILE
LogInit:      CURL_VERSION_IDN
LogInit:  CurlRequestOptions (configurable via config and command line):
LogInit:  - bVerifyPeer = true  - Libcurl will verify peer certificate
LogInit:  - bUseHttpProxy = false  - Libcurl will NOT use HTTP proxy
LogInit:  - bDontReuseConnections = false  - Libcurl will reuse connections
LogInit:  - MaxHostConnections = 16  - Libcurl will limit the number of connections to a host
LogInit:  - LocalHostAddr = Default
LogInit:  - BufferSize = 65536
LogOnline: OSS: Creating online subsystem instance for: NULL
LogInit: WinSock: version 1.1 (2.2), MaxSocks=32767, MaxUdp=65467
LogOnline: OSS: TryLoadSubsystemAndSetDefault: Loaded subsystem for module [NULL]
LogInit: Build: ++UE4+Release-4.24-CL-11590370
LogInit: Engine Version: 4.24.3-11590370+++UE4+Release-4.24
LogInit: Compatible Engine Version: 4.24.0-10570792+++UE4+Release-4.24
LogInit: Net CL: 10570792
LogInit: OS: Windows 10 (Release 1903) (), CPU: Intel(R) Core(TM) i7-8750H CPU @ 2.20GHz, GPU: Intel(R) UHD Graphics 630
LogInit: Compiled (64-bit): Feb 24 2020 15:39:18
LogInit: Compiled with Visual C++: 19.16.27032.01
LogInit: Build Configuration: Development
LogInit: Branch Name: ++UE4+Release-4.24
LogInit: Command Line: 
LogInit: Base Directory: C:/Program Files/Epic Games/UE_4.24/Engine/Binaries/Win64/
LogInit: Installed Engine Build: 1
LogDevObjectVersion: Number of dev versions registered: 25
LogDevObjectVersion:   Dev-Blueprints (B0D832E4-1F89-4F0D-ACCF-7EB736FD4AA2): 10
LogDevObjectVersion:   Dev-Build (E1C64328-A22C-4D53-A36C-8E866417BD8C): 0
LogDevObjectVersion:   Dev-Core (375EC13C-06E4-48FB-B500-84F0262A717E): 3
LogDevObjectVersion:   Dev-Editor (E4B068ED-F494-42E9-A231-DA0B2E46BB41): 37
LogDevObjectVersion:   Dev-Framework (CFFC743F-43B0-4480-9391-14DF171D2073): 36
LogDevObjectVersion:   Dev-Mobile (B02B49B5-BB20-44E9-A304-32B752E40360): 2
LogDevObjectVersion:   Dev-Networking (A4E4105C-59A1-49B5-A7C5-40C4547EDFEE): 0
LogDevObjectVersion:   Dev-Online (39C831C9-5AE6-47DC-9A44-9C173E1C8E7C): 0
LogDevObjectVersion:   Dev-Physics (78F01B33-EBEA-4F98-B9B4-84EACCB95AA2): 2
LogDevObjectVersion:   Dev-Platform (6631380F-2D4D-43E0-8009-CF276956A95A): 0
LogDevObjectVersion:   Dev-Rendering (12F88B9F-8875-4AFC-A67C-D90C383ABD29): 36
LogDevObjectVersion:   Dev-Sequencer (7B5AE74C-D270-4C10-A958-57980B212A5A): 11
LogDevObjectVersion:   Dev-VR (D7296918-1DD6-4BDD-9DE2-64A83CC13884): 2
LogDevObjectVersion:   Dev-LoadTimes (C2A15278-BFE7-4AFE-6C17-90FF531DF755): 1
LogDevObjectVersion:   Private-Geometry (6EACA3D4-40EC-4CC1-B786-8BED09428FC5): 3
LogDevObjectVersion:   Dev-AnimPhys (29E575DD-E0A3-4627-9D10-D276232CDCEA): 17
LogDevObjectVersion:   Dev-Anim (AF43A65D-7FD3-4947-9873-3E8ED9C1BB05): 2
LogDevObjectVersion:   Dev-ReflectionCapture (6B266CEC-1EC7-4B8F-A30B-E4D90942FC07): 1
LogDevObjectVersion:   Dev-Automation (0DF73D61-A23F-47EA-B727-89E90C41499A): 1
LogDevObjectVersion:   FortniteMain (601D1886-AC64-4F84-AA16-D3DE0DEAC7D6): 31
LogDevObjectVersion:   Dev-Enterprise (9DFFBCD6-494F-0158-E221-12823C92A888): 8
LogDevObjectVersion:   Dev-Niagara (F2AED0AC-9AFE-416F-8664-AA7FFA26D6FC): 1
LogDevObjectVersion:   Dev-Destruction (174F1F0B-B4C6-45A5-B13F-2EE8D0FB917D): 9
LogDevObjectVersion:   Dev-Physics-Ext (35F94A83-E258-406C-A318-09F59610247C): 8
LogDevObjectVersion:   Dev-CineCamera (B2E18506-4273-CFC2-A54E-F4BB758BBA07): 1
LogInit: Presizing for max 25165824 objects, including 0 objects not considered by GC, pre-allocating 0 bytes for permanent pool.
LogInit: Object subsystem initialized
LogConfig: Setting CVar [[con.DebugEarlyDefault:1]]
LogConfig: Setting CVar [[r.setres:1280x720]]
[2020.04.15-16.57.51:191][  0]LogConfig: Setting CVar [[r.VSync:0]]
[2020.04.15-16.57.51:191][  0]LogConfig: Setting CVar [[r.RHICmdBypass:0]]
[2020.04.15-16.57.51:191][  0]LogConfig: Applying CVar settings from Section [/Script/Engine.RendererSettings] File [C:/Users/albii/Desktop/ENTI/ENTI (1r)/Segundo semestre/Arte Moderno/Projecto UCME/UCME/UCME_project/Saved/Config/Windows/Engine.ini]
[2020.04.15-16.57.51:191][  0]LogConfig: Setting CVar [[r.GPUCrashDebugging:0]]
[2020.04.15-16.57.51:191][  0]LogConfig: Applying CVar settings from Section [/Script/Engine.RendererOverrideSettings] File [C:/Users/albii/Desktop/ENTI/ENTI (1r)/Segundo semestre/Arte Moderno/Projecto UCME/UCME/UCME_project/Saved/Config/Windows/Engine.ini]
[2020.04.15-16.57.51:191][  0]LogConfig: Applying CVar settings from Section [/Script/Engine.StreamingSettings] File [C:/Users/albii/Desktop/ENTI/ENTI (1r)/Segundo semestre/Arte Moderno/Projecto UCME/UCME/UCME_project/Saved/Config/Windows/Engine.ini]
[2020.04.15-16.57.51:191][  0]LogConfig: Setting CVar [[s.MinBulkDataSizeForAsyncLoading:131072]]
[2020.04.15-16.57.51:191][  0]LogConfig: Setting CVar [[s.AsyncLoadingThreadEnabled:0]]
[2020.04.15-16.57.51:191][  0]LogConfig: Setting CVar [[s.EventDrivenLoaderEnabled:1]]
[2020.04.15-16.57.51:191][  0]LogConfig: Setting CVar [[s.WarnIfTimeLimitExceeded:0]]
[2020.04.15-16.57.51:191][  0]LogConfig: Setting CVar [[s.TimeLimitExceededMultiplier:1.5]]
[2020.04.15-16.57.51:191][  0]LogConfig: Setting CVar [[s.TimeLimitExceededMinTime:0.005]]
[2020.04.15-16.57.51:191][  0]LogConfig: Setting CVar [[s.UseBackgroundLevelStreaming:1]]
[2020.04.15-16.57.51:191][  0]LogConfig: Setting CVar [[s.PriorityAsyncLoadingExtraTime:15.0]]
[2020.04.15-16.57.51:191][  0]LogConfig: Setting CVar [[s.LevelStreamingActorsUpdateTimeLimit:5.0]]
[2020.04.15-16.57.51:192][  0]LogConfig: Setting CVar [[s.PriorityLevelStreamingActorsUpdateExtraTime:5.0]]
[2020.04.15-16.57.51:192][  0]LogConfig: Setting CVar [[s.LevelStreamingComponentsRegistrationGranularity:10]]
[2020.04.15-16.57.51:192][  0]LogConfig: Setting CVar [[s.UnregisterComponentsTimeLimit:1.0]]
[2020.04.15-16.57.51:192][  0]LogConfig: Setting CVar [[s.LevelStreamingComponentsUnregistrationGranularity:5]]
[2020.04.15-16.57.51:192][  0]LogConfig: Setting CVar [[s.FlushStreamingOnExit:1]]
[2020.04.15-16.57.51:192][  0]LogConfig: Applying CVar settings from Section [/Script/Engine.GarbageCollectionSettings] File [C:/Users/albii/Desktop/ENTI/ENTI (1r)/Segundo semestre/Arte Moderno/Projecto UCME/UCME/UCME_project/Saved/Config/Windows/Engine.ini]
[2020.04.15-16.57.51:192][  0]LogConfig: Setting CVar [[gc.MaxObjectsNotConsideredByGC:1]]
[2020.04.15-16.57.51:192][  0]LogConfig: Setting CVar [[gc.SizeOfPermanentObjectPool:0]]
[2020.04.15-16.57.51:192][  0]LogConfig: Setting CVar [[gc.FlushStreamingOnGC:0]]
[2020.04.15-16.57.51:192][  0]LogConfig: Setting CVar [[gc.NumRetriesBeforeForcingGC:10]]
[2020.04.15-16.57.51:192][  0]LogConfig: Setting CVar [[gc.AllowParallelGC:1]]
[2020.04.15-16.57.51:192][  0]LogConfig: Setting CVar [[gc.TimeBetweenPurgingPendingKillObjects:61.1]]
[2020.04.15-16.57.51:192][  0]LogConfig: Setting CVar [[gc.MaxObjectsInEditor:25165824]]
[2020.04.15-16.57.51:192][  0]LogConfig: Setting CVar [[gc.IncrementalBeginDestroyEnabled:1]]
[2020.04.15-16.57.51:192][  0]LogConfig: Setting CVar [[gc.CreateGCClusters:1]]
[2020.04.15-16.57.51:192][  0]LogConfig: Setting CVar [[gc.MinGCClusterSize:5]]
[2020.04.15-16.57.51:192][  0]LogConfig: Setting CVar [[gc.ActorClusteringEnabled:0]]
[2020.04.15-16.57.51:192][  0]LogConfig: Setting CVar [[gc.BlueprintClusteringEnabled:0]]
[2020.04.15-16.57.51:192][  0]LogConfig: Setting CVar [[gc.UseDisregardForGCOnDedicatedServers:0]]
[2020.04.15-16.57.51:192][  0]LogConfig: Applying CVar settings from Section [/Script/Engine.NetworkSettings] File [C:/Users/albii/Desktop/ENTI/ENTI (1r)/Segundo semestre/Arte Moderno/Projecto UCME/UCME/UCME_project/Saved/Config/Windows/Engine.ini]
[2020.04.15-16.57.51:192][  0]LogConfig: Applying CVar settings from Section [/Script/UnrealEd.CookerSettings] File [C:/Users/albii/Desktop/ENTI/ENTI (1r)/Segundo semestre/Arte Moderno/Projecto UCME/UCME/UCME_project/Saved/Config/Windows/Engine.ini]
[2020.04.15-16.57.51:195][  0]LogConfig: Applying CVar settings from Section [ViewDistanceQuality@3] File [C:/Users/albii/Desktop/ENTI/ENTI (1r)/Segundo semestre/Arte Moderno/Projecto UCME/UCME/UCME_project/Saved/Config/Windows/Scalability.ini]
[2020.04.15-16.57.51:195][  0]LogConfig: Setting CVar [[r.SkeletalMeshLODBias:0]]
[2020.04.15-16.57.51:195][  0]LogConfig: Setting CVar [[r.ViewDistanceScale:1.0]]
[2020.04.15-16.57.51:195][  0]LogConfig: Applying CVar settings from Section [AntiAliasingQuality@3] File [C:/Users/albii/Desktop/ENTI/ENTI (1r)/Segundo semestre/Arte Moderno/Projecto UCME/UCME/UCME_project/Saved/Config/Windows/Scalability.ini]
[2020.04.15-16.57.51:195][  0]LogConfig: Setting CVar [[r.PostProcessAAQuality:4]]
[2020.04.15-16.57.51:195][  0]LogConfig: Applying CVar settings from Section [ShadowQuality@3] File [C:/Users/albii/Desktop/ENTI/ENTI (1r)/Segundo semestre/Arte Moderno/Projecto UCME/UCME/UCME_project/Saved/Config/Windows/Scalability.ini]
[2020.04.15-16.57.51:195][  0]LogConfig: Setting CVar [[r.LightFunctionQuality:1]]
[2020.04.15-16.57.51:195][  0]LogConfig: Setting CVar [[r.ShadowQuality:5]]
[2020.04.15-16.57.51:195][  0]LogConfig: Setting CVar [[r.Shadow.CSM.MaxCascades:10]]
[2020.04.15-16.57.51:195][  0]LogConfig: Setting CVar [[r.Shadow.MaxResolution:2048]]
[2020.04.15-16.57.51:195][  0]LogConfig: Setting CVar [[r.Shadow.MaxCSMResolution:2048]]
[2020.04.15-16.57.51:195][  0]LogConfig: Setting CVar [[r.Shadow.RadiusThreshold:0.01]]
[2020.04.15-16.57.51:195][  0]LogConfig: Setting CVar [[r.Shadow.DistanceScale:1.0]]
[2020.04.15-16.57.51:195][  0]LogConfig: Setting CVar [[r.Shadow.CSM.TransitionScale:1.0]]
[2020.04.15-16.57.51:195][  0]LogConfig: Setting CVar [[r.Shadow.PreShadowResolutionFactor:1.0]]
[2020.04.15-16.57.51:195][  0]LogConfig: Setting CVar [[r.DistanceFieldShadowing:1]]
[2020.04.15-16.57.51:195][  0]LogConfig: Setting CVar [[r.DistanceFieldAO:1]]
[2020.04.15-16.57.51:195][  0]LogConfig: Setting CVar [[r.AOQuality:2]]
[2020.04.15-16.57.51:195][  0]LogConfig: Setting CVar [[r.VolumetricFog:1]]
[2020.04.15-16.57.51:195][  0]LogConfig: Setting CVar [[r.VolumetricFog.GridPixelSize:8]]
[2020.04.15-16.57.51:195][  0]LogConfig: Setting CVar [[r.VolumetricFog.GridSizeZ:128]]
[2020.04.15-16.57.51:195][  0]LogConfig: Setting CVar [[r.VolumetricFog.HistoryMissSupersampleCount:4]]
[2020.04.15-16.57.51:195][  0]LogConfig: Setting CVar [[r.LightMaxDrawDistanceScale:1]]
[2020.04.15-16.57.51:195][  0]LogConfig: Setting CVar [[r.CapsuleShadows:1]]
[2020.04.15-16.57.51:195][  0]LogConfig: Applying CVar settings from Section [PostProcessQuality@3] File [C:/Users/albii/Desktop/ENTI/ENTI (1r)/Segundo semestre/Arte Moderno/Projecto UCME/UCME/UCME_project/Saved/Config/Windows/Scalability.ini]
[2020.04.15-16.57.51:195][  0]LogConfig: Setting CVar [[r.MotionBlurQuality:4]]
[2020.04.15-16.57.51:195][  0]LogConfig: Setting CVar [[r.AmbientOcclusionMipLevelFactor:0.4]]
[2020.04.15-16.57.51:195][  0]LogConfig: Setting CVar [[r.AmbientOcclusionMaxQuality:100]]
[2020.04.15-16.57.51:195][  0]LogConfig: Setting CVar [[r.AmbientOcclusionLevels:-1]]
[2020.04.15-16.57.51:196][  0]LogConfig: Setting CVar [[r.AmbientOcclusionRadiusScale:1.0]]
[2020.04.15-16.57.51:196][  0]LogConfig: Setting CVar [[r.DepthOfFieldQuality:2]]
[2020.04.15-16.57.51:196][  0]LogConfig: Setting CVar [[r.RenderTargetPoolMin:400]]
[2020.04.15-16.57.51:196][  0]LogConfig: Setting CVar [[r.LensFlareQuality:2]]
[2020.04.15-16.57.51:196][  0]LogConfig: Setting CVar [[r.SceneColorFringeQuality:1]]
[2020.04.15-16.57.51:196][  0]LogConfig: Setting CVar [[r.EyeAdaptationQuality:2]]
[2020.04.15-16.57.51:196][  0]LogConfig: Setting CVar [[r.BloomQuality:5]]
[2020.04.15-16.57.51:196][  0]LogConfig: Setting CVar [[r.FastBlurThreshold:100]]
[2020.04.15-16.57.51:196][  0]LogConfig: Setting CVar [[r.Upscale.Quality:3]]
[2020.04.15-16.57.51:196][  0]LogConfig: Setting CVar [[r.Tonemapper.GrainQuantization:1]]
[2020.04.15-16.57.51:196][  0]LogConfig: Setting CVar [[r.LightShaftQuality:1]]
[2020.04.15-16.57.51:196][  0]LogConfig: Setting CVar [[r.Filter.SizeScale:1]]
[2020.04.15-16.57.51:196][  0]LogConfig: Setting CVar [[r.Tonemapper.Quality:5]]
[2020.04.15-16.57.51:196][  0]LogConfig: Setting CVar [[r.DOF.Gather.AccumulatorQuality:1        ; higher gathering accumulator quality]]
[2020.04.15-16.57.51:196][  0]LogConfig: Setting CVar [[r.DOF.Gather.PostfilterMethod:1          ; Median3x3 postfilering method]]
[2020.04.15-16.57.51:196][  0]LogConfig: Setting CVar [[r.DOF.Gather.EnableBokehSettings:0       ; no bokeh simulation when gathering]]
[2020.04.15-16.57.51:196][  0]LogConfig: Setting CVar [[r.DOF.Gather.RingCount:4                 ; medium number of samples when gathering]]
[2020.04.15-16.57.51:196][  0]LogConfig: Setting CVar [[r.DOF.Scatter.ForegroundCompositing:1    ; additive foreground scattering]]
[2020.04.15-16.57.51:196][  0]LogConfig: Setting CVar [[r.DOF.Scatter.BackgroundCompositing:2    ; additive background scattering]]
[2020.04.15-16.57.51:196][  0]LogConfig: Setting CVar [[r.DOF.Scatter.EnableBokehSettings:1      ; bokeh simulation when scattering]]
[2020.04.15-16.57.51:196][  0]LogConfig: Setting CVar [[r.DOF.Scatter.MaxSpriteRatio:0.1         ; only a maximum of 10% of scattered bokeh]]
[2020.04.15-16.57.51:196][  0]LogConfig: Setting CVar [[r.DOF.Recombine.Quality:1                ; cheap slight out of focus]]
[2020.04.15-16.57.51:196][  0]LogConfig: Setting CVar [[r.DOF.Recombine.EnableBokehSettings:0    ; no bokeh simulation on slight out of focus]]
[2020.04.15-16.57.51:196][  0]LogConfig: Setting CVar [[r.DOF.TemporalAAQuality:1                ; more stable temporal accumulation]]
[2020.04.15-16.57.51:196][  0]LogConfig: Setting CVar [[r.DOF.Kernel.MaxForegroundRadius:0.025]]
[2020.04.15-16.57.51:196][  0]LogConfig: Setting CVar [[r.DOF.Kernel.MaxBackgroundRadius:0.025]]
[2020.04.15-16.57.51:196][  0]LogConfig: Applying CVar settings from Section [TextureQuality@3] File [C:/Users/albii/Desktop/ENTI/ENTI (1r)/Segundo semestre/Arte Moderno/Projecto UCME/UCME/UCME_project/Saved/Config/Windows/Scalability.ini]
[2020.04.15-16.57.51:196][  0]LogConfig: Setting CVar [[r.Streaming.MipBias:0]]
[2020.04.15-16.57.51:196][  0]LogConfig: Setting CVar [[r.Streaming.AmortizeCPUToGPUCopy:0]]
[2020.04.15-16.57.51:196][  0]LogConfig: Setting CVar [[r.Streaming.MaxNumTexturesToStreamPerFrame:0]]
[2020.04.15-16.57.51:196][  0]LogConfig: Setting CVar [[r.Streaming.Boost:1]]
[2020.04.15-16.57.51:196][  0]LogConfig: Setting CVar [[r.MaxAnisotropy:8]]
[2020.04.15-16.57.51:196][  0]LogConfig: Setting CVar [[r.VT.MaxAnisotropy:8]]
[2020.04.15-16.57.51:196][  0]LogConfig: Setting CVar [[r.Streaming.LimitPoolSizeToVRAM:0]]
[2020.04.15-16.57.51:196][  0]LogConfig: Setting CVar [[r.Streaming.PoolSize:1000]]
[2020.04.15-16.57.51:196][  0]LogConfig: Setting CVar [[r.Streaming.MaxEffectiveScreenSize:0]]
[2020.04.15-16.57.51:196][  0]LogConfig: Applying CVar settings from Section [EffectsQuality@3] File [C:/Users/albii/Desktop/ENTI/ENTI (1r)/Segundo semestre/Arte Moderno/Projecto UCME/UCME/UCME_project/Saved/Config/Windows/Scalability.ini]
[2020.04.15-16.57.51:196][  0]LogConfig: Setting CVar [[r.TranslucencyLightingVolumeDim:64]]
[2020.04.15-16.57.51:196][  0]LogConfig: Setting CVar [[r.RefractionQuality:2]]
[2020.04.15-16.57.51:196][  0]LogConfig: Setting CVar [[r.SSR.Quality:3]]
[2020.04.15-16.57.51:196][  0]LogConfig: Setting CVar [[r.SSR.HalfResSceneColor:0]]
[2020.04.15-16.57.51:196][  0]LogConfig: Setting CVar [[r.SceneColorFormat:4]]
[2020.04.15-16.57.51:196][  0]LogConfig: Setting CVar [[r.DetailMode:2]]
[2020.04.15-16.57.51:196][  0]LogConfig: Setting CVar [[r.TranslucencyVolumeBlur:1]]
[2020.04.15-16.57.51:196][  0]LogConfig: Setting CVar [[r.MaterialQualityLevel:1 ; High quality]]
[2020.04.15-16.57.51:196][  0]LogConfig: Setting CVar [[r.SSS.Scale:1]]
[2020.04.15-16.57.51:196][  0]LogConfig: Setting CVar [[r.SSS.SampleSet:2]]
[2020.04.15-16.57.51:196][  0]LogConfig: Setting CVar [[r.SSS.Quality:1]]
[2020.04.15-16.57.51:196][  0]LogConfig: Setting CVar [[r.SSS.HalfRes:1]]
[2020.04.15-16.57.51:196][  0]LogConfig: Setting CVar [[r.SSGI.Quality:3]]
[2020.04.15-16.57.51:196][  0]LogConfig: Setting CVar [[r.EmitterSpawnRateScale:1.0]]
[2020.04.15-16.57.51:196][  0]LogConfig: Setting CVar [[r.ParticleLightQuality:2]]
[2020.04.15-16.57.51:196][  0]LogConfig: Setting CVar [[r.SkyAtmosphere.AerialPerspectiveLUT.FastApplyOnOpaque:1 ; Always have FastSkyLUT 1 in this case to avoid wrong sky]]
[2020.04.15-16.57.51:196][  0]LogConfig: Setting CVar [[r.SkyAtmosphere.AerialPerspectiveLUT.SampleCountPerSlice:1]]
[2020.04.15-16.57.51:196][  0]LogConfig: Setting CVar [[r.SkyAtmosphere.AerialPerspectiveLUT.DepthResolution:16.0]]
[2020.04.15-16.57.51:196][  0]LogConfig: Setting CVar [[r.SkyAtmosphere.FastSkyLUT:1]]
[2020.04.15-16.57.51:196][  0]LogConfig: Setting CVar [[r.SkyAtmosphere.FastSkyLUT.SampleCountMin:4.0]]
[2020.04.15-16.57.51:196][  0]LogConfig: Setting CVar [[r.SkyAtmosphere.FastSkyLUT.SampleCountMax:32.0]]
[2020.04.15-16.57.51:196][  0]LogConfig: Setting CVar [[r.SkyAtmosphere.SampleCountMin:4.0]]
[2020.04.15-16.57.51:196][  0]LogConfig: Setting CVar [[r.SkyAtmosphere.SampleCountMax:32.0]]
[2020.04.15-16.57.51:196][  0]LogConfig: Setting CVar [[r.SkyAtmosphere.TransmittanceLUT.UseSmallFormat:0]]
[2020.04.15-16.57.51:196][  0]LogConfig: Setting CVar [[r.SkyAtmosphere.TransmittanceLUT.SampleCount:10.0]]
[2020.04.15-16.57.51:196][  0]LogConfig: Setting CVar [[r.SkyAtmosphere.MultiScatteringLUT.SampleCount:15.0]]
[2020.04.15-16.57.51:196][  0]LogConfig: Applying CVar settings from Section [FoliageQuality@3] File [C:/Users/albii/Desktop/ENTI/ENTI (1r)/Segundo semestre/Arte Moderno/Projecto UCME/UCME/UCME_project/Saved/Config/Windows/Scalability.ini]
[2020.04.15-16.57.51:196][  0]LogConfig: Setting CVar [[foliage.DensityScale:1.0]]
[2020.04.15-16.57.51:196][  0]LogConfig: Setting CVar [[grass.DensityScale:1.0]]
[2020.04.15-16.57.51:196][  0]LogConfig: Applying CVar settings from Section [ShadingQuality@3] File [C:/Users/albii/Desktop/ENTI/ENTI (1r)/Segundo semestre/Arte Moderno/Projecto UCME/UCME/UCME_project/Saved/Config/Windows/Scalability.ini]
[2020.04.15-16.57.51:196][  0]LogConfig: Setting CVar [[r.HairStrands.SkyLighting.SampleCount:16]]
[2020.04.15-16.57.51:196][  0]LogConfig: Setting CVar [[r.HairStrands.SkyLighting.JitterIntegration:0]]
[2020.04.15-16.57.51:196][  0]LogConfig: Setting CVar [[r.HairStrands.SkyAO.SampleCount:16]]
[2020.04.15-16.57.51:197][  0]LogInit: Selected Device Profile: [Windows]
[2020.04.15-16.57.51:197][  0]LogInit: Applying CVar settings loaded from the selected device profile: [Windows]
[2020.04.15-16.57.51:206][  0]LogHAL: Display: Platform has ~ 16 GB [17046917120 / 17179869184 / 16], which maps to Larger [LargestMinGB=32, LargerMinGB=12, DefaultMinGB=8, SmallerMinGB=6, SmallestMinGB=0)
[2020.04.15-16.57.51:206][  0]LogInit: Going up to parent DeviceProfile []
[2020.04.15-16.57.51:206][  0]LogConfig: Applying CVar settings from Section [ViewDistanceQuality@3] File [C:/Users/albii/Desktop/ENTI/ENTI (1r)/Segundo semestre/Arte Moderno/Projecto UCME/UCME/UCME_project/Saved/Config/Windows/Scalability.ini]
[2020.04.15-16.57.51:206][  0]LogConfig: Setting CVar [[r.SkeletalMeshLODBias:0]]
[2020.04.15-16.57.51:206][  0]LogConfig: Setting CVar [[r.ViewDistanceScale:1.0]]
[2020.04.15-16.57.51:206][  0]LogConfig: Applying CVar settings from Section [AntiAliasingQuality@3] File [C:/Users/albii/Desktop/ENTI/ENTI (1r)/Segundo semestre/Arte Moderno/Projecto UCME/UCME/UCME_project/Saved/Config/Windows/Scalability.ini]
[2020.04.15-16.57.51:206][  0]LogConfig: Setting CVar [[r.PostProcessAAQuality:4]]
[2020.04.15-16.57.51:206][  0]LogConfig: Applying CVar settings from Section [ShadowQuality@3] File [C:/Users/albii/Desktop/ENTI/ENTI (1r)/Segundo semestre/Arte Moderno/Projecto UCME/UCME/UCME_project/Saved/Config/Windows/Scalability.ini]
[2020.04.15-16.57.51:206][  0]LogConfig: Setting CVar [[r.LightFunctionQuality:1]]
[2020.04.15-16.57.51:206][  0]LogConfig: Setting CVar [[r.ShadowQuality:5]]
[2020.04.15-16.57.51:206][  0]LogConfig: Setting CVar [[r.Shadow.CSM.MaxCascades:10]]
[2020.04.15-16.57.51:206][  0]LogConfig: Setting CVar [[r.Shadow.MaxResolution:2048]]
[2020.04.15-16.57.51:206][  0]LogConfig: Setting CVar [[r.Shadow.MaxCSMResolution:2048]]
[2020.04.15-16.57.51:206][  0]LogConfig: Setting CVar [[r.Shadow.RadiusThreshold:0.01]]
[2020.04.15-16.57.51:206][  0]LogConfig: Setting CVar [[r.Shadow.DistanceScale:1.0]]
[2020.04.15-16.57.51:206][  0]LogConfig: Setting CVar [[r.Shadow.CSM.TransitionScale:1.0]]
[2020.04.15-16.57.51:206][  0]LogConfig: Setting CVar [[r.Shadow.PreShadowResolutionFactor:1.0]]
[2020.04.15-16.57.51:206][  0]LogConfig: Setting CVar [[r.DistanceFieldShadowing:1]]
[2020.04.15-16.57.51:206][  0]LogConfig: Setting CVar [[r.DistanceFieldAO:1]]
[2020.04.15-16.57.51:206][  0]LogConfig: Setting CVar [[r.AOQuality:2]]
[2020.04.15-16.57.51:206][  0]LogConfig: Setting CVar [[r.VolumetricFog:1]]
[2020.04.15-16.57.51:206][  0]LogConfig: Setting CVar [[r.VolumetricFog.GridPixelSize:8]]
[2020.04.15-16.57.51:206][  0]LogConfig: Setting CVar [[r.VolumetricFog.GridSizeZ:128]]
[2020.04.15-16.57.51:206][  0]LogConfig: Setting CVar [[r.VolumetricFog.HistoryMissSupersampleCount:4]]
[2020.04.15-16.57.51:206][  0]LogConfig: Setting CVar [[r.LightMaxDrawDistanceScale:1]]
[2020.04.15-16.57.51:206][  0]LogConfig: Setting CVar [[r.CapsuleShadows:1]]
[2020.04.15-16.57.51:206][  0]LogConfig: Applying CVar settings from Section [PostProcessQuality@3] File [C:/Users/albii/Desktop/ENTI/ENTI (1r)/Segundo semestre/Arte Moderno/Projecto UCME/UCME/UCME_project/Saved/Config/Windows/Scalability.ini]
[2020.04.15-16.57.51:206][  0]LogConfig: Setting CVar [[r.MotionBlurQuality:4]]
[2020.04.15-16.57.51:206][  0]LogConfig: Setting CVar [[r.AmbientOcclusionMipLevelFactor:0.4]]
[2020.04.15-16.57.51:206][  0]LogConfig: Setting CVar [[r.AmbientOcclusionMaxQuality:100]]
[2020.04.15-16.57.51:206][  0]LogConfig: Setting CVar [[r.AmbientOcclusionLevels:-1]]
[2020.04.15-16.57.51:206][  0]LogConfig: Setting CVar [[r.AmbientOcclusionRadiusScale:1.0]]
[2020.04.15-16.57.51:206][  0]LogConfig: Setting CVar [[r.DepthOfFieldQuality:2]]
[2020.04.15-16.57.51:206][  0]LogConfig: Setting CVar [[r.RenderTargetPoolMin:400]]
[2020.04.15-16.57.51:206][  0]LogConfig: Setting CVar [[r.LensFlareQuality:2]]
[2020.04.15-16.57.51:206][  0]LogConfig: Setting CVar [[r.SceneColorFringeQuality:1]]
[2020.04.15-16.57.51:206][  0]LogConfig: Setting CVar [[r.EyeAdaptationQuality:2]]
[2020.04.15-16.57.51:206][  0]LogConfig: Setting CVar [[r.BloomQuality:5]]
[2020.04.15-16.57.51:206][  0]LogConfig: Setting CVar [[r.FastBlurThreshold:100]]
[2020.04.15-16.57.51:206][  0]LogConfig: Setting CVar [[r.Upscale.Quality:3]]
[2020.04.15-16.57.51:206][  0]LogConfig: Setting CVar [[r.Tonemapper.GrainQuantization:1]]
[2020.04.15-16.57.51:206][  0]LogConfig: Setting CVar [[r.LightShaftQuality:1]]
[2020.04.15-16.57.51:206][  0]LogConfig: Setting CVar [[r.Filter.SizeScale:1]]
[2020.04.15-16.57.51:206][  0]LogConfig: Setting CVar [[r.Tonemapper.Quality:5]]
[2020.04.15-16.57.51:206][  0]LogConfig: Setting CVar [[r.DOF.Gather.AccumulatorQuality:1        ; higher gathering accumulator quality]]
[2020.04.15-16.57.51:206][  0]LogConfig: Setting CVar [[r.DOF.Gather.PostfilterMethod:1          ; Median3x3 postfilering method]]
[2020.04.15-16.57.51:206][  0]LogConfig: Setting CVar [[r.DOF.Gather.EnableBokehSettings:0       ; no bokeh simulation when gathering]]
[2020.04.15-16.57.51:206][  0]LogConfig: Setting CVar [[r.DOF.Gather.RingCount:4                 ; medium number of samples when gathering]]
[2020.04.15-16.57.51:206][  0]LogConfig: Setting CVar [[r.DOF.Scatter.ForegroundCompositing:1    ; additive foreground scattering]]
[2020.04.15-16.57.51:206][  0]LogConfig: Setting CVar [[r.DOF.Scatter.BackgroundCompositing:2    ; additive background scattering]]
[2020.04.15-16.57.51:206][  0]LogConfig: Setting CVar [[r.DOF.Scatter.EnableBokehSettings:1      ; bokeh simulation when scattering]]
[2020.04.15-16.57.51:206][  0]LogConfig: Setting CVar [[r.DOF.Scatter.MaxSpriteRatio:0.1         ; only a maximum of 10% of scattered bokeh]]
[2020.04.15-16.57.51:206][  0]LogConfig: Setting CVar [[r.DOF.Recombine.Quality:1                ; cheap slight out of focus]]
[2020.04.15-16.57.51:206][  0]LogConfig: Setting CVar [[r.DOF.Recombine.EnableBokehSettings:0    ; no bokeh simulation on slight out of focus]]
[2020.04.15-16.57.51:206][  0]LogConfig: Setting CVar [[r.DOF.TemporalAAQuality:1                ; more stable temporal accumulation]]
[2020.04.15-16.57.51:206][  0]LogConfig: Setting CVar [[r.DOF.Kernel.MaxForegroundRadius:0.025]]
[2020.04.15-16.57.51:206][  0]LogConfig: Setting CVar [[r.DOF.Kernel.MaxBackgroundRadius:0.025]]
[2020.04.15-16.57.51:206][  0]LogConfig: Applying CVar settings from Section [TextureQuality@3] File [C:/Users/albii/Desktop/ENTI/ENTI (1r)/Segundo semestre/Arte Moderno/Projecto UCME/UCME/UCME_project/Saved/Config/Windows/Scalability.ini]
[2020.04.15-16.57.51:206][  0]LogConfig: Setting CVar [[r.Streaming.MipBias:0]]
[2020.04.15-16.57.51:206][  0]LogConfig: Setting CVar [[r.Streaming.AmortizeCPUToGPUCopy:0]]
[2020.04.15-16.57.51:207][  0]LogConfig: Setting CVar [[r.Streaming.MaxNumTexturesToStreamPerFrame:0]]
[2020.04.15-16.57.51:207][  0]LogConfig: Setting CVar [[r.Streaming.Boost:1]]
[2020.04.15-16.57.51:207][  0]LogConfig: Setting CVar [[r.MaxAnisotropy:8]]
[2020.04.15-16.57.51:207][  0]LogConfig: Setting CVar [[r.VT.MaxAnisotropy:8]]
[2020.04.15-16.57.51:207][  0]LogConfig: Setting CVar [[r.Streaming.LimitPoolSizeToVRAM:0]]
[2020.04.15-16.57.51:207][  0]LogConfig: Setting CVar [[r.Streaming.PoolSize:1000]]
[2020.04.15-16.57.51:207][  0]LogConfig: Setting CVar [[r.Streaming.MaxEffectiveScreenSize:0]]
[2020.04.15-16.57.51:207][  0]LogConfig: Applying CVar settings from Section [EffectsQuality@3] File [C:/Users/albii/Desktop/ENTI/ENTI (1r)/Segundo semestre/Arte Moderno/Projecto UCME/UCME/UCME_project/Saved/Config/Windows/Scalability.ini]
[2020.04.15-16.57.51:207][  0]LogConfig: Setting CVar [[r.TranslucencyLightingVolumeDim:64]]
[2020.04.15-16.57.51:207][  0]LogConfig: Setting CVar [[r.RefractionQuality:2]]
[2020.04.15-16.57.51:207][  0]LogConfig: Setting CVar [[r.SSR.Quality:3]]
[2020.04.15-16.57.51:207][  0]LogConfig: Setting CVar [[r.SSR.HalfResSceneColor:0]]
[2020.04.15-16.57.51:207][  0]LogConfig: Setting CVar [[r.SceneColorFormat:4]]
[2020.04.15-16.57.51:207][  0]LogConfig: Setting CVar [[r.DetailMode:2]]
[2020.04.15-16.57.51:207][  0]LogConfig: Setting CVar [[r.TranslucencyVolumeBlur:1]]
[2020.04.15-16.57.51:207][  0]LogConfig: Setting CVar [[r.MaterialQualityLevel:1 ; High quality]]
[2020.04.15-16.57.51:207][  0]LogConfig: Setting CVar [[r.SSS.Scale:1]]
[2020.04.15-16.57.51:207][  0]LogConfig: Setting CVar [[r.SSS.SampleSet:2]]
[2020.04.15-16.57.51:207][  0]LogConfig: Setting CVar [[r.SSS.Quality:1]]
[2020.04.15-16.57.51:207][  0]LogConfig: Setting CVar [[r.SSS.HalfRes:1]]
[2020.04.15-16.57.51:207][  0]LogConfig: Setting CVar [[r.SSGI.Quality:3]]
[2020.04.15-16.57.51:207][  0]LogConfig: Setting CVar [[r.EmitterSpawnRateScale:1.0]]
[2020.04.15-16.57.51:207][  0]LogConfig: Setting CVar [[r.ParticleLightQuality:2]]
[2020.04.15-16.57.51:207][  0]LogConfig: Setting CVar [[r.SkyAtmosphere.AerialPerspectiveLUT.FastApplyOnOpaque:1 ; Always have FastSkyLUT 1 in this case to avoid wrong sky]]
[2020.04.15-16.57.51:207][  0]LogConfig: Setting CVar [[r.SkyAtmosphere.AerialPerspectiveLUT.SampleCountPerSlice:1]]
[2020.04.15-16.57.51:207][  0]LogConfig: Setting CVar [[r.SkyAtmosphere.AerialPerspectiveLUT.DepthResolution:16.0]]
[2020.04.15-16.57.51:207][  0]LogConfig: Setting CVar [[r.SkyAtmosphere.FastSkyLUT:1]]
[2020.04.15-16.57.51:207][  0]LogConfig: Setting CVar [[r.SkyAtmosphere.FastSkyLUT.SampleCountMin:4.0]]
[2020.04.15-16.57.51:207][  0]LogConfig: Setting CVar [[r.SkyAtmosphere.FastSkyLUT.SampleCountMax:32.0]]
[2020.04.15-16.57.51:207][  0]LogConfig: Setting CVar [[r.SkyAtmosphere.SampleCountMin:4.0]]
[2020.04.15-16.57.51:207][  0]LogConfig: Setting CVar [[r.SkyAtmosphere.SampleCountMax:32.0]]
[2020.04.15-16.57.51:207][  0]LogConfig: Setting CVar [[r.SkyAtmosphere.TransmittanceLUT.UseSmallFormat:0]]
[2020.04.15-16.57.51:207][  0]LogConfig: Setting CVar [[r.SkyAtmosphere.TransmittanceLUT.SampleCount:10.0]]
[2020.04.15-16.57.51:207][  0]LogConfig: Setting CVar [[r.SkyAtmosphere.MultiScatteringLUT.SampleCount:15.0]]
[2020.04.15-16.57.51:207][  0]LogConfig: Applying CVar settings from Section [FoliageQuality@3] File [C:/Users/albii/Desktop/ENTI/ENTI (1r)/Segundo semestre/Arte Moderno/Projecto UCME/UCME/UCME_project/Saved/Config/Windows/Scalability.ini]
[2020.04.15-16.57.51:207][  0]LogConfig: Setting CVar [[foliage.DensityScale:1.0]]
[2020.04.15-16.57.51:207][  0]LogConfig: Setting CVar [[grass.DensityScale:1.0]]
[2020.04.15-16.57.51:207][  0]LogConfig: Applying CVar settings from Section [ShadingQuality@3] File [C:/Users/albii/Desktop/ENTI/ENTI (1r)/Segundo semestre/Arte Moderno/Projecto UCME/UCME/UCME_project/Saved/Config/Windows/Scalability.ini]
[2020.04.15-16.57.51:207][  0]LogConfig: Setting CVar [[r.HairStrands.SkyLighting.SampleCount:16]]
[2020.04.15-16.57.51:207][  0]LogConfig: Setting CVar [[r.HairStrands.SkyLighting.JitterIntegration:0]]
[2020.04.15-16.57.51:207][  0]LogConfig: Setting CVar [[r.HairStrands.SkyAO.SampleCount:16]]
[2020.04.15-16.57.51:207][  0]LogConfig: Applying CVar settings from Section [Startup] File [../../../Engine/Config/ConsoleVariables.ini]
[2020.04.15-16.57.51:212][  0]LogConfig: Setting CVar [[net.UseAdaptiveNetUpdateFrequency:0]]
[2020.04.15-16.57.51:212][  0]LogConfig: Setting CVar [[p.chaos.AllowCreatePhysxBodies:1]]
[2020.04.15-16.57.51:212][  0]LogConfig: Applying CVar settings from Section [ConsoleVariables] File [C:/Users/albii/Desktop/ENTI/ENTI (1r)/Segundo semestre/Arte Moderno/Projecto UCME/UCME/UCME_project/Saved/Config/Windows/Engine.ini]
[2020.04.15-16.57.51:212][  0]LogInit: Computer: DESKTOP-25NQO7G
[2020.04.15-16.57.51:212][  0]LogInit: User: albii
[2020.04.15-16.57.51:212][  0]LogInit: CPU Page size=4096, Cores=6
[2020.04.15-16.57.51:212][  0]LogInit: High frequency timer resolution =10.000000 MHz
[2020.04.15-16.57.51:212][  0]LogMemory: Memory total: Physical=15.9GB (16GB approx)
[2020.04.15-16.57.51:212][  0]LogMemory: Platform Memory Stats for Windows
[2020.04.15-16.57.51:212][  0]LogMemory: Process Physical Memory: 109.52 MB used, 109.53 MB peak
[2020.04.15-16.57.51:212][  0]LogMemory: Process Virtual Memory: 101.35 MB used, 101.35 MB peak
[2020.04.15-16.57.51:212][  0]LogMemory: Physical Memory: 6744.65 MB used,  9512.56 MB free, 16257.21 MB total
[2020.04.15-16.57.51:212][  0]LogMemory: Virtual Memory: 5159.86 MB used,  134212568.00 MB free, 134217728.00 MB total
[2020.04.15-16.57.51:218][  0]LogWindows: WindowsPlatformFeatures enabled
[2020.04.15-16.57.51:558][  0]LogInit: Using OS detected language (es-ES).
[2020.04.15-16.57.51:558][  0]LogInit: Using OS detected locale (es-ES).
[2020.04.15-16.57.51:559][  0]LogTextLocalizationManager: No specific localization for 'es-ES' exists, so the 'es' localization will be used.
[2020.04.15-16.57.51:790][  0]LogInit: Setting process to per monitor DPI aware
[2020.04.15-16.57.52:016][  0]LogSlate: New Slate User Created.  User Index 0, Is Virtual User: 0
[2020.04.15-16.57.52:016][  0]LogSlate: Slate User Registered.  User Index 0, Is Virtual User: 0
[2020.04.15-16.57.55:042][  0]LogHMD: Failed to initialize OpenVR with code 110
[2020.04.15-16.57.55:042][  0]LogD3D11RHI: D3D11 min allowed feature level: 11_0
[2020.04.15-16.57.55:042][  0]LogD3D11RHI: D3D11 max allowed feature level: 11_0
[2020.04.15-16.57.55:042][  0]LogD3D11RHI: D3D11 adapters:
[2020.04.15-16.57.55:044][  0]LogD3D11RHI: Error: Result failed 
 at D:/Build/++UE4/Sync/Engine/Source/Runtime/Windows/D3D11RHI/Private/Windows/WindowsD3D11Device.cpp:323 
 with error DXGI_ERROR_DEVICE_REMOVED Error Code List: https://docs.microsoft.com/en-us/windows/desktop/direct3ddxgi/dxgi-error
[2020.04.15-16.57.55:044][  0]LogD3D11RHI:    0. Unknown, failed to create test device.
[2020.04.15-16.57.55:067][  0]LogD3D11RHI:    1. 'Intel(R) UHD Graphics 630' (Feature Level 11_0)
[2020.04.15-16.57.55:068][  0]LogD3D11RHI:       128/0/8128 MB DedicatedVideo/DedicatedSystem/SharedSystem, Outputs:0, VendorId:0x8086
[2020.04.15-16.57.55:072][  0]LogD3D11RHI:    2. 'Microsoft Basic Render Driver' (Feature Level 11_0)
[2020.04.15-16.57.55:072][  0]LogD3D11RHI:       0/0/8128 MB DedicatedVideo/DedicatedSystem/SharedSystem, Outputs:0, VendorId:0x1414
[2020.04.15-16.57.55:072][  0]LogD3D11RHI: Chosen D3D11 Adapter: 1
[2020.04.15-16.57.55:106][  0]LogD3D11RHI: Creating new Direct3DDevice
[2020.04.15-16.57.55:106][  0]LogD3D11RHI:     GPU DeviceId: 0x3e9b (for the marketing name, search the web for "GPU Device Id")
[2020.04.15-16.57.55:106][  0]LogWindows: EnumDisplayDevices:
[2020.04.15-16.57.55:106][  0]LogWindows:    0. 'Intel(R) UHD Graphics 630' (P:1 D:1)
[2020.04.15-16.57.55:106][  0]LogWindows:    1. 'Intel(R) UHD Graphics 630' (P:0 D:0)
[2020.04.15-16.57.55:107][  0]LogWindows:    2. 'Intel(R) UHD Graphics 630' (P:0 D:0)
[2020.04.15-16.57.55:107][  0]LogWindows: DebugString: FoundDriverCount:3 
[2020.04.15-16.57.55:107][  0]LogD3D11RHI:     Adapter Name: Intel(R) UHD Graphics 630
[2020.04.15-16.57.55:107][  0]LogD3D11RHI:   Driver Version: 24.20.100.6292 (internal:24.20.100.6292, unified:24.20.100.6292)
[2020.04.15-16.57.55:107][  0]LogD3D11RHI:      Driver Date: 9-28-2018
[2020.04.15-16.57.55:107][  0]LogRHI: Texture pool is 1523 MB (70% of 2176 MB)
[2020.04.15-16.57.55:121][  0]LogD3D11RHI: RHI does not have support for 64 bit atomics
[2020.04.15-16.57.55:121][  0]LogD3D11RHI: Async texture creation enabled
[2020.04.15-16.57.55:134][  0]LogD3D11RHI: GPU Timing Frequency: 12.000048 (Debug: 2 0)
[2020.04.15-16.57.55:587][  0]LogTargetPlatformManager: Display: Loaded TargetPlatform 'AllDesktop'
[2020.04.15-16.57.55:633][  0]LogTargetPlatformManager: Display: Loaded TargetPlatform 'Android'
[2020.04.15-16.57.55:634][  0]LogTargetPlatformManager: Display: Loaded TargetPlatform 'Android_ASTC'
[2020.04.15-16.57.55:634][  0]LogTargetPlatformManager: Display: Loaded TargetPlatform 'Android_ATC'
[2020.04.15-16.57.55:634][  0]LogTargetPlatformManager: Display: Loaded TargetPlatform 'Android_DXT'
[2020.04.15-16.57.55:634][  0]LogTargetPlatformManager: Display: Loaded TargetPlatform 'Android_ETC1'
[2020.04.15-16.57.55:634][  0]LogTargetPlatformManager: Display: Loaded TargetPlatform 'Android_ETC1a'
[2020.04.15-16.57.55:634][  0]LogTargetPlatformManager: Display: Loaded TargetPlatform 'Android_ETC2'
[2020.04.15-16.57.55:634][  0]LogTargetPlatformManager: Display: Loaded TargetPlatform 'Android_PVRTC'
[2020.04.15-16.57.55:634][  0]LogTargetPlatformManager: Display: Loaded TargetPlatform 'AndroidClient'
[2020.04.15-16.57.55:634][  0]LogTargetPlatformManager: Display: Loaded TargetPlatform 'Android_ASTCClient'
[2020.04.15-16.57.55:634][  0]LogTargetPlatformManager: Display: Loaded TargetPlatform 'Android_ATCClient'
[2020.04.15-16.57.55:634][  0]LogTargetPlatformManager: Display: Loaded TargetPlatform 'Android_DXTClient'
[2020.04.15-16.57.55:634][  0]LogTargetPlatformManager: Display: Loaded TargetPlatform 'Android_ETC1Client'
[2020.04.15-16.57.55:634][  0]LogTargetPlatformManager: Display: Loaded TargetPlatform 'Android_ETC1aClient'
[2020.04.15-16.57.55:634][  0]LogTargetPlatformManager: Display: Loaded TargetPlatform 'Android_ETC2Client'
[2020.04.15-16.57.55:634][  0]LogTargetPlatformManager: Display: Loaded TargetPlatform 'Android_PVRTCClient'
[2020.04.15-16.57.55:634][  0]LogTargetPlatformManager: Display: Loaded TargetPlatform 'Android_Multi'
[2020.04.15-16.57.55:634][  0]LogTargetPlatformManager: Display: Loaded TargetPlatform 'Android_MultiClient'
[2020.04.15-16.57.55:671][  0]LogTargetPlatformManager: Display: Loaded TargetPlatform 'IOSClient'
[2020.04.15-16.57.55:671][  0]LogTargetPlatformManager: Display: Loaded TargetPlatform 'IOS'
[2020.04.15-16.57.55:682][  0]LogTargetPlatformManager: Display: Loaded TargetPlatform 'LinuxNoEditor'
[2020.04.15-16.57.55:692][  0]LogTargetPlatformManager: Display: Loaded TargetPlatform 'LinuxClient'
[2020.04.15-16.57.55:701][  0]LogTargetPlatformManager: Display: Loaded TargetPlatform 'LinuxServer'
[2020.04.15-16.57.55:710][  0]LogTargetPlatformManager: Display: Loaded TargetPlatform 'LinuxAArch64NoEditor'
[2020.04.15-16.57.55:720][  0]LogTargetPlatformManager: Display: Loaded TargetPlatform 'LinuxAArch64Client'
[2020.04.15-16.57.55:730][  0]LogTargetPlatformManager: Display: Loaded TargetPlatform 'LinuxAArch64Server'
[2020.04.15-16.57.55:762][  0]LogTargetPlatformManager: Display: Loaded TargetPlatform 'Lumin'
[2020.04.15-16.57.55:762][  0]LogTargetPlatformManager: Display: Loaded TargetPlatform 'LuminClient'
[2020.04.15-16.57.55:777][  0]LogTargetPlatformManager: Display: Loaded TargetPlatform 'TVOSClient'
[2020.04.15-16.57.55:777][  0]LogTargetPlatformManager: Display: Loaded TargetPlatform 'TVOS'
[2020.04.15-16.57.55:786][  0]LogTargetPlatformManager: Display: Loaded TargetPlatform 'WindowsNoEditor'
[2020.04.15-16.57.55:796][  0]LogTargetPlatformManager: Display: Loaded TargetPlatform 'Windows'
[2020.04.15-16.57.55:804][  0]LogTargetPlatformManager: Display: Loaded TargetPlatform 'WindowsClient'
[2020.04.15-16.57.55:813][  0]LogTargetPlatformManager: Display: Loaded TargetPlatform 'WindowsServer'
[2020.04.15-16.57.55:813][  0]LogTargetPlatformManager: Display: Building Assets For Windows
[2020.04.15-16.57.55:854][  0]LogAudioDebug: Display: Lib vorbis DLL was dynamically loaded.
[2020.04.15-16.57.55:959][  0]LogShaderCompilers: Guid format shader working directory is -69 characters bigger than the processId version (../../../../../../Users/albii/Desktop/ENTI/ENTI (1r)/Segundo semestre/Arte Moderno/Projecto UCME/UCME/UCME_project/Intermediate/Shaders/WorkingDirectory/18480/).
[2020.04.15-16.57.55:959][  0]LogShaderCompilers: Cleaned the shader compiler working directory 'C:/Users/albii/AppData/Local/Temp/UnrealShaderWorkingDir/FC8216DF419C9AFBD534A7999C961A21/'.
[2020.04.15-16.57.55:961][  0]LogXGEController: Cleaning working directory: C:/Users/albii/AppData/Local/Temp/UnrealXGEWorkingDir/
[2020.04.15-16.57.55:962][  0]LogXGEController: Cannot use XGE Controller as Incredibuild is not installed on this machine.
[2020.04.15-16.57.55:962][  0]LogShaderCompilers: Cannot use XGE Shader Compiler as Incredibuild is not installed on this machine.
[2020.04.15-16.57.55:962][  0]LogShaderCompilers: Display: Using Local Shader Compiler.
[2020.04.15-16.57.58:867][  0]LogDerivedDataCache: Display: Max Cache Size: 512 MB
[2020.04.15-16.57.58:979][  0]LogDerivedDataCache: Loaded boot cache 0.11s 79MB C:/Users/albii/AppData/Local/UnrealEngine/4.24/DerivedDataCache/Boot.ddc.
[2020.04.15-16.57.58:979][  0]LogDerivedDataCache: Display: Loaded Boot cache: C:/Users/albii/AppData/Local/UnrealEngine/4.24/DerivedDataCache/Boot.ddc
[2020.04.15-16.57.58:979][  0]LogDerivedDataCache: FDerivedDataBackendGraph:  Pak pak cache file ../../../../../../Users/albii/Desktop/ENTI/ENTI (1r)/Segundo semestre/Arte Moderno/Projecto UCME/UCME/UCME_project/DerivedDataCache/DDC.ddp not found, will not use a pak cache.
[2020.04.15-16.57.58:979][  0]LogDerivedDataCache: Unable to find inner node Pak for hierarchical cache Hierarchy.
[2020.04.15-16.57.58:979][  0]LogDerivedDataCache: FDerivedDataBackendGraph:  CompressedPak pak cache file ../../../../../../Users/albii/Desktop/ENTI/ENTI (1r)/Segundo semestre/Arte Moderno/Projecto UCME/UCME/UCME_project/DerivedDataCache/Compressed.ddp not found, will not use a pak cache.
[2020.04.15-16.57.58:979][  0]LogDerivedDataCache: Unable to find inner node CompressedPak for hierarchical cache Hierarchy.
[2020.04.15-16.57.59:001][  0]LogDerivedDataCache: Display: Pak cache opened for reading ../../../Engine/DerivedDataCache/Compressed.ddp.
[2020.04.15-16.57.59:001][  0]LogDerivedDataCache: FDerivedDataBackendGraph:  EnterprisePak pak cache file ../../../Enterprise/DerivedDataCache/Compressed.ddp not found, will not use a pak cache.
[2020.04.15-16.57.59:001][  0]LogDerivedDataCache: Unable to find inner node EnterprisePak for hierarchical cache Hierarchy.
[2020.04.15-16.57.59:003][  0]LogDerivedDataCache: Using Local data cache path C:/Users/albii/AppData/Local/UnrealEngine/Common/DerivedDataCache: Writable
[2020.04.15-16.57.59:003][  0]LogDerivedDataCache: Shared data cache path not found in *engine.ini, will not use an Shared cache.
[2020.04.15-16.57.59:003][  0]LogDerivedDataCache: Unable to find inner node Shared for hierarchical cache Hierarchy.
[2020.04.15-16.57.59:034][  0]LogMaterial: Verifying Global Shaders for PCD3D_SM5
[2020.04.15-16.57.59:041][  0]LogSlate: Using FreeType 2.10.0
[2020.04.15-16.57.59:057][  0]LogSlate: SlateFontServices - WITH_FREETYPE: 1, WITH_HARFBUZZ: 1
[2020.04.15-16.57.59:311][  0]LogAssetRegistry: FAssetRegistry took 0.0060 seconds to start up
[2020.04.15-16.57.59:712][  0]LogInit: Selected Device Profile: [Windows]
[2020.04.15-16.58.00:047][  0]LogMeshReduction: Using QuadricMeshReduction for automatic static mesh reduction
[2020.04.15-16.58.00:047][  0]LogMeshReduction: Using SimplygonMeshReduction for automatic skeletal mesh reduction
[2020.04.15-16.58.00:047][  0]LogMeshReduction: Using ProxyLODMeshReduction for automatic mesh merging
[2020.04.15-16.58.00:047][  0]LogMeshReduction: No distributed automatic mesh merging module available
[2020.04.15-16.58.00:047][  0]LogMeshMerging: No distributed automatic mesh merging module available
[2020.04.15-16.58.00:098][  0]LogNetVersion: UCME_project 1.0.0, NetCL: 10570792, EngineNetVer: 13, GameNetVer: 0 (Checksum: 3462853432)
[2020.04.15-16.58.04:494][  0]LogPackageLocalizationCache: Processed 10 localized package path(s) for 1 prioritized culture(s) in 0.079832 seconds
[2020.04.15-16.58.04:503][  0]LogUObjectArray: 46750 objects as part of root set at end of initial load.
[2020.04.15-16.58.04:503][  0]LogUObjectAllocator: 8137160 out of 0 bytes used by permanent object pool.
[2020.04.15-16.58.04:503][  0]LogUObjectArray: CloseDisregardForGC: 0/0 objects in disregard for GC pool
[2020.04.15-16.58.06:007][  0]LogTcpMessaging: Initializing TcpMessaging bridge
[2020.04.15-16.58.06:014][  0]LogUdpMessaging: Initializing bridge on interface 0.0.0.0:0 to multicast group 230.0.0.1:6666.
[2020.04.15-16.58.06:134][  0]SourceControl: El control de código fuente está desactivado
[2020.04.15-16.58.06:135][  0]SourceControl: El control de código fuente está desactivado
[2020.04.15-16.58.06:146][  0]SourceControl: El control de código fuente está desactivado
[2020.04.15-16.58.06:153][  0]SourceControl: El control de código fuente está desactivado
[2020.04.15-16.58.06:158][  0]SourceControl: El control de código fuente está desactivado
[2020.04.15-16.58.06:169][  0]LogVSAccessor: Display: Unable to create Visual Studio setup instance: 80040154
[2020.04.15-16.58.06:170][  0]LogVSAccessor: Display: Unable to create Visual Studio setup instance: 80040154
[2020.04.15-16.58.06:532][  0]LogAndroidPermission: UAndroidPermissionCallbackProxy::GetInstance
[2020.04.15-16.58.06:562][  0]LogAudioCaptureCore: Display: No Audio Capture implementations found. Audio input will be silent.
[2020.04.15-16.58.06:562][  0]LogAudioCaptureCore: Display: No Audio Capture implementations found. Audio input will be silent.
[2020.04.15-16.58.06:751][  0]LogOcInput: OculusInput pre-init called
[2020.04.15-16.58.06:766][  0]LogWindows: Failed to load 'OVRPlugin.dll' (GetLastError=126)
[2020.04.15-16.58.06:766][  0]LogWindows: File 'OVRPlugin.dll' does not exist
[2020.04.15-16.58.06:921][  0]LogEngine: Initializing Engine...
[2020.04.15-16.58.06:926][  0]LogHMD: Failed to initialize OpenVR with code 110
[2020.04.15-16.58.06:932][  0]LogStats: UGameplayTagsManager::InitializeManager -  0.003 s
[2020.04.15-16.58.07:677][  0]LogInit: Initializing FReadOnlyCVARCache
[2020.04.15-16.58.07:807][  0]LogAIModule: Creating AISystem for world Untitled
[2020.04.15-16.58.07:819][  0]LogAudioMixer: Display: Audio Mixer Platform Settings:
[2020.04.15-16.58.07:819][  0]LogAudioMixer: Display: 	Sample Rate:						  48000
[2020.04.15-16.58.07:819][  0]LogAudioMixer: Display: 	Callback Buffer Frame Size Requested: 1024
[2020.04.15-16.58.07:819][  0]LogAudioMixer: Display: 	Callback Buffer Frame Size To Use:	  1024
[2020.04.15-16.58.07:819][  0]LogAudioMixer: Display: 	Number of buffers to queue:			  2
[2020.04.15-16.58.07:819][  0]LogAudioMixer: Display: 	Max Channels (voices):				  32
[2020.04.15-16.58.07:819][  0]LogAudioMixer: Display: 	Number of Async Source Workers:		  0
[2020.04.15-16.58.07:819][  0]LogAudio: Display: AudioDevice MaxSources: 32
[2020.04.15-16.58.07:820][  0]LogAudio: Display: Using built-in audio occlusion.
[2020.04.15-16.58.07:820][  0]LogAudioMixer: Display: Initializing audio mixer.
[2020.04.15-16.58.07:839][  0]LogAudioMixer: Display: Audio Device Output Speaker Info:
[2020.04.15-16.58.07:839][  0]LogAudioMixer: Display: Name: Altavoces (Realtek(R) Audio)
[2020.04.15-16.58.07:839][  0]LogAudioMixer: Display: Is Default: Yes
[2020.04.15-16.58.07:839][  0]LogAudioMixer: Display: Sample Rate: 48000
[2020.04.15-16.58.07:839][  0]LogAudioMixer: Display: Channel Count Used: 2
[2020.04.15-16.58.07:839][  0]LogAudioMixer: Display: Device Channel Count: 2
[2020.04.15-16.58.07:839][  0]LogAudioMixer: Display: Channel Order:
[2020.04.15-16.58.07:839][  0]LogAudioMixer: Display: 0: FrontLeft
[2020.04.15-16.58.07:839][  0]LogAudioMixer: Display: 1: FrontRight
[2020.04.15-16.58.07:870][  0]LogAudioMixer: Display: Using Audio Device Altavoces (Realtek(R) Audio)
[2020.04.15-16.58.07:875][  0]LogInit: FAudioDevice initialized.
[2020.04.15-16.58.07:875][  0]LogNetVersion: Set ProjectVersion to 1.0.0.0. Version Checksum will be recalculated on next use.
[2020.04.15-16.58.08:055][  0]LogDerivedDataCache: Saved boot cache 0.18s 79MB C:/Users/albii/AppData/Local/UnrealEngine/4.24/DerivedDataCache/Boot.ddc.
[2020.04.15-16.58.08:060][  0]LogInit: Texture streaming: Enabled
[2020.04.15-16.58.08:084][  0]LogEngineSessionManager: EngineSessionManager initialized
[2020.04.15-16.58.08:084][  0]LogEditorSessionSummary: Verbose: Initializing EditorSessionSummaryWriter for editor session tracking
[2020.04.15-16.58.08:087][  0]LogEditorSessionSummary: EditorSessionSummaryWriter initialized
[2020.04.15-16.58.08:211][  0]LogInit: Transaction tracking system initialized
[2020.04.15-16.58.08:264][  0]BlueprintLog: New page: Cargar el editor
[2020.04.15-16.58.08:400][  0]LocalizationService: Localization service is disabled
[2020.04.15-16.58.08:599][  0]LogVSAccessor: Display: Unable to create Visual Studio setup instance: 80040154
[2020.04.15-16.58.08:601][  0]LogVSAccessor: Display: Unable to create Visual Studio setup instance: 80040154
[2020.04.15-16.58.09:850][  0]LogFileCache: Scanning file cache for directory 'C:/Users/albii/Desktop/ENTI/ENTI (1r)/Segundo semestre/Arte Moderno/Projecto UCME/UCME/UCME_project/Content/' took 0.02s
[2020.04.15-16.58.09:850][  0]LogCook: Display: Max memory allowance for cook 16384mb min free memory 0mb
[2020.04.15-16.58.09:850][  0]LogCook: Display: Mobile HDR setting 1
[2020.04.15-16.58.11:668][  0]SourceControl: El control de código fuente está desactivado
[2020.04.15-16.58.11:678][  0]LightingResults: New page: Diseñar la iluminación
[2020.04.15-16.58.11:684][  0]LogWorld: UWorld::CleanupWorld for Untitled, bSessionEnded=true, bCleanupResources=true
[2020.04.15-16.58.11:684][  0]LogSlate: InvalidateAllWidgets triggered.  All widgets were invalidated
[2020.04.15-16.58.11:684][  0]MapCheck: New page: Revisión del mapa
[2020.04.15-16.58.11:685][  0]LightingResults: New page: Diseñar la iluminación
[2020.04.15-16.58.11:736][  0]LogUObjectHash: Compacting FUObjectHashTables data took   2.70ms
[2020.04.15-16.58.12:731][  0]LogAIModule: Creating AISystem for world Minimal_Default
[2020.04.15-16.58.12:769][  0]LogEditorServer: Finished looking for orphan Actors (0.000 secs)
[2020.04.15-16.58.12:894][  0]LogUObjectHash: Compacting FUObjectHashTables data took   4.77ms
[2020.04.15-16.58.12:895][  0]Cmd: MAP CHECKDEP NOCLEARLOG
[2020.04.15-16.58.12:896][  0]MapCheck: Map check complete: 0 Error(s), 0 Warning(s), took 0,605ms to complete.
[2020.04.15-16.58.12:896][  0]LogFileHelpers: Loading map 'Minimal_Default' took 1.227
[2020.04.15-16.58.13:165][  0]LogSlate: Updating window title bar state: overlay mode, drag disabled, window buttons hidden, title bar hidden
[2020.04.15-16.58.13:177][  0]LogSlate: Updating window title bar state: overlay mode, drag disabled, window buttons hidden, title bar hidden
[2020.04.15-16.58.13:189][  0]LogSlate: Updating window title bar state: overlay mode, drag disabled, window buttons hidden, title bar hidden
[2020.04.15-16.58.13:200][  0]LogSlate: Updating window title bar state: overlay mode, drag disabled, window buttons hidden, title bar hidden
[2020.04.15-16.58.13:223][  0]LogCollectionManager: Loaded 0 collections in 0.003150 seconds
[2020.04.15-16.58.13:258][  0]LogFileCache: Scanning file cache for directory 'C:/Users/albii/Desktop/ENTI/ENTI (1r)/Segundo semestre/Arte Moderno/Projecto UCME/UCME/UCME_project/Saved/Collections/' took 0.00s
[2020.04.15-16.58.13:258][  0]LogFileCache: Scanning file cache for directory 'C:/Users/albii/Desktop/ENTI/ENTI (1r)/Segundo semestre/Arte Moderno/Projecto UCME/UCME/UCME_project/Content/Developers/albii/Collections/' took 0.00s
[2020.04.15-16.58.13:258][  0]LogFileCache: Scanning file cache for directory 'C:/Users/albii/Desktop/ENTI/ENTI (1r)/Segundo semestre/Arte Moderno/Projecto UCME/UCME/UCME_project/Content/Collections/' took 0.00s
[2020.04.15-16.58.13:258][  0]LogContentBrowser: Native class hierarchy populated in 0.0123 seconds. Added 3015 classes and 717 folders.
[2020.04.15-16.58.13:266][  0]LogContentBrowser: Native class hierarchy updated for 'WidgetCarousel' in 0.0003 seconds. Added 0 classes and 0 folders.
[2020.04.15-16.58.13:761][  0]LogContentBrowser: Native class hierarchy updated for 'AddContentDialog' in 0.0003 seconds. Added 0 classes and 0 folders.
[2020.04.15-16.58.13:775][  0]LogContentBrowser: Native class hierarchy updated for 'SceneOutliner' in 0.0005 seconds. Added 2 classes and 3 folders.
[2020.04.15-16.58.14:028][  0]LogSlate: Took 0.014235 seconds to synchronously load lazily loaded font '../../../Engine/Content/Slate/Fonts/Roboto-Regular.ttf' (155K)
[2020.04.15-16.58.14:043][  0]LogSlate: Took 0.011996 seconds to synchronously load lazily loaded font '../../../Engine/Content/Slate/Fonts/Roboto-Bold.ttf' (160K)
[2020.04.15-16.58.14:062][  0]LogSlate: Took 0.007177 seconds to synchronously load lazily loaded font '../../../Engine/Content/Editor/Slate/Fonts/FontAwesome.ttf' (139K)
[2020.04.15-16.58.14:406][  0]LogRenderer: Reallocating scene render targets to support 916x432 Format 10 NumSamples 1 (Frame:1).
[2020.04.15-16.58.16:243][  0]LogContentBrowser: Native class hierarchy updated for 'HierarchicalLODOutliner' in 0.0004 seconds. Added 0 classes and 0 folders.
[2020.04.15-16.58.16:243][  0]LogLoad: (Engine Initialization) Total time: 28.68 seconds
[2020.04.15-16.58.16:243][  0]LogLoad: (Engine Initialization) Total Blueprint compile time: 0.00 seconds
[2020.04.15-16.58.16:324][  0]LogContentStreaming: Texture pool size now 1000 MB
[2020.04.15-16.58.18:580][ 23]LogSlate: Took 0.027355 seconds to synchronously load lazily loaded font '../../../Engine/Content/Slate/Fonts/Roboto-Light.ttf' (167K)
[2020.04.15-16.58.19:146][ 30]LogAssetRegistry: Asset discovery search completed in 19.8351 seconds
[2020.04.15-16.58.19:153][ 30]LogCollectionManager: Fixed up redirectors for 0 collections in 0.000011 seconds (updated 0 objects)
[2020.04.15-16.58.30:849][326]LogSlate: Took 0.000328 seconds to synchronously load lazily loaded font '../../../Engine/Content/Slate/Fonts/Roboto-Light.ttf' (167K)
[2020.04.15-16.58.30:970][326]LogAIModule: Creating AISystem for world Level_2
[2020.04.15-16.58.30:975][326]LogAssetEditorSubsystem: Opening Asset editor for World /Game/Level_2/Level_2.Level_2
[2020.04.15-16.58.31:018][326]LogUObjectHash: Compacting FUObjectHashTables data took   3.13ms
[2020.04.15-16.58.31:021][326]LightingResults: New page: Diseñar la iluminación
[2020.04.15-16.58.31:023][326]LoadErrors: New page: Cargando mapa: Level_2.umap
[2020.04.15-16.58.31:024][326]LogWorld: UWorld::CleanupWorld for Minimal_Default, bSessionEnded=true, bCleanupResources=true
[2020.04.15-16.58.31:024][326]LogSlate: InvalidateAllWidgets triggered.  All widgets were invalidated
[2020.04.15-16.58.31:024][326]MapCheck: New page: Revisión del mapa
[2020.04.15-16.58.31:024][326]LightingResults: New page: Diseñar la iluminación
[2020.04.15-16.58.31:067][326]LogUObjectHash: Compacting FUObjectHashTables data took   2.66ms
[2020.04.15-16.58.31:188][326]LogEditorServer: Finished looking for orphan Actors (0.000 secs)
[2020.04.15-16.58.31:228][326]LogUObjectHash: Compacting FUObjectHashTables data took   2.39ms
[2020.04.15-16.58.31:266][326]Cmd: MAP CHECKDEP NOCLEARLOG
[2020.04.15-16.58.31:266][326]MapCheck: Map check complete: 0 Error(s), 0 Warning(s), took 0,159ms to complete.
[2020.04.15-16.58.31:266][326]LogFileHelpers: Loading map 'Level_2' took 0.247
[2020.04.15-16.58.46:481][781]LogEditorViewport: Clicking on Actor (LMB): StaticMeshActor (Laberinto)
[2020.04.15-16.59.09:378][499]LogRenderer: Reallocating scene render targets to support 916x436 Format 10 NumSamples 1 (Frame:1182).
[2020.04.15-16.59.09:461][500]LogRenderer: Reallocating scene render targets to support 916x448 Format 10 NumSamples 1 (Frame:1184).
[2020.04.15-16.59.09:536][502]LogRenderer: Reallocating scene render targets to support 916x468 Format 10 NumSamples 1 (Frame:1186).
[2020.04.15-16.59.09:713][505]LogRenderer: Reallocating scene render targets to support 916x472 Format 10 NumSamples 1 (Frame:1190).
[2020.04.15-16.59.09:792][507]LogRenderer: Reallocating scene render targets to support 916x480 Format 10 NumSamples 1 (Frame:1192).
[2020.04.15-16.59.09:964][513]LogRenderer: Reallocating scene render targets to support 916x484 Format 10 NumSamples 1 (Frame:1196).
[2020.04.15-16.59.10:114][515]LogRenderer: Reallocating scene render targets to support 916x492 Format 10 NumSamples 1 (Frame:1200).
[2020.04.15-16.59.10:202][517]LogRenderer: Reallocating scene render targets to support 916x496 Format 10 NumSamples 1 (Frame:1202).
[2020.04.15-16.59.10:592][531]LogRenderer: Reallocating scene render targets to support 916x500 Format 10 NumSamples 1 (Frame:1208).
[2020.04.15-16.59.10:692][532]LogRenderer: Reallocating scene render targets to support 916x504 Format 10 NumSamples 1 (Frame:1210).
[2020.04.15-16.59.10:760][533]LogRenderer: Reallocating scene render targets to support 916x512 Format 10 NumSamples 1 (Frame:1212).
[2020.04.15-16.59.10:978][537]LogRenderer: Reallocating scene render targets to support 916x516 Format 10 NumSamples 1 (Frame:1218).
[2020.04.15-16.59.11:070][539]LogRenderer: Reallocating scene render targets to support 916x520 Format 10 NumSamples 1 (Frame:1220).
[2020.04.15-17.02.09:930][925]LogEditorFactories: Performing atomic reimport of [C:/Users/albii/Desktop/ENTI/ENTI (1r)/Segundo semestre/Arte Moderno/Projecto UCME/UCME/Nivel 2/Laberinto.fbx]
[2020.04.15-17.02.09:981][925]LogFbx: Loading FBX Scene from C:/Users/albii/Desktop/ENTI/ENTI (1r)/Segundo semestre/Arte Moderno/Projecto UCME/UCME/Nivel 2/Laberinto.fbx
[2020.04.15-17.02.09:994][925]LogFbx: FBX Scene Loaded Succesfully
[2020.04.15-17.02.10:016][925]LogFbx: Display: Triangulating static mesh Laberinto
[2020.04.15-17.02.10:168][925]LogStaticMesh: Generando la malla estática Laberinto...
[2020.04.15-17.02.10:198][925]LogStaticMesh: Built static mesh [0.03s] /Game/Level_2/Laberinto.Laberinto
[2020.04.15-17.02.10:231][925]LogEditorFactories: -- imported successfully
[2020.04.15-17.02.10:234][925]FBXImport: Warning: No smoothing group information was found in this FBX scene.  Please make sure to enable the 'Export Smoothing Groups' option in the FBX Exporter plug-in before exporting the file.  Even for tools that don't support smoothing groups, the FBX Exporter will generate appropriate smoothing data at export-time so that correct vertex normals can be inferred while importing. 
[2020.04.15-17.02.22:520][ 37]LogEditorViewport: Clicking on Actor (LMB): BP_Sky_Sphere_C (Sky Sphere)
[2020.04.15-17.02.31:016][265]LogEditorViewport: Clicking on Actor (LMB): StaticMeshActor (Laberinto)
[2020.04.15-17.03.49:386][157]LogNavigationPoint: PostEditMove Clear paths rebuilt
[2020.04.15-17.03.58:105][406]LogNavigationPoint: PostEditMove Clear paths rebuilt
[2020.04.15-17.04.04:389][595]LogNavigationPoint: PostEditMove Clear paths rebuilt
[2020.04.15-17.04.11:801][817]LogNavigationPoint: PostEditMove Clear paths rebuilt
[2020.04.15-17.04.13:647][870]LogNavigationPoint: PostEditMove Clear paths rebuilt
[2020.04.15-17.04.14:132][881]LogNavigationPoint: PostEditMove Clear paths rebuilt
[2020.04.15-17.04.15:817][933]LogNavigationPoint: PostEditMove Clear paths rebuilt
[2020.04.15-17.04.20:643][ 79]LogNavigationPoint: PostEditMove Clear paths rebuilt
[2020.04.15-17.05.33:909][777]LogUObjectHash: Compacting FUObjectHashTables data took   1.66ms
[2020.04.15-17.05.34:022][777]LogSavePackage: Moving '../../../../../../Users/albii/Desktop/ENTI/ENTI (1r)/Segundo semestre/Arte Moderno/Projecto UCME/UCME/UCME_project/Saved/Level_2C3F67020413E09369AE1CFBC2F3B5164.tmp' to '../../../../../../Users/albii/Desktop/ENTI/ENTI (1r)/Segundo semestre/Arte Moderno/Projecto UCME/UCME/UCME_project/Content/Level_2/Level_2.umap'
[2020.04.15-17.05.34:079][777]LogSavePackage: Moving '../../../../../../Users/albii/Desktop/ENTI/ENTI (1r)/Segundo semestre/Arte Moderno/Projecto UCME/UCME/UCME_project/Saved/Level_2_BuiltData56540F024C597ABEC4EA4AB63E283249.tmp' to '../../../../../../Users/albii/Desktop/ENTI/ENTI (1r)/Segundo semestre/Arte Moderno/Projecto UCME/UCME/UCME_project/Content/Level_2/Level_2_BuiltData.uasset'
[2020.04.15-17.05.34:094][777]AssetCheck: New page: Asset Save: multiple assets
[2020.04.15-17.05.34:094][777]LogContentValidation: Display: Validating World /Game/Level_2/Level_2.Level_2
[2020.04.15-17.05.34:094][777]LogContentValidation: Display: Validating MapBuildDataRegistry /Game/Level_2/Level_2_BuiltData.Level_2_BuiltData
[2020.04.15-17.05.38:203][880]LogAIModule: Creating AISystem for world Level_3
[2020.04.15-17.05.38:206][880]LogAssetEditorSubsystem: Opening Asset editor for World /Game/Level_3/Level_3.Level_3
[2020.04.15-17.05.38:241][880]LogUObjectHash: Compacting FUObjectHashTables data took   1.86ms
[2020.04.15-17.05.44:385][880]LogSlate: Window 'Guardar contenido' being destroyed
[2020.04.15-17.05.44:513][880]LogSavePackage: Moving '../../../../../../Users/albii/Desktop/ENTI/ENTI (1r)/Segundo semestre/Arte Moderno/Projecto UCME/UCME/UCME_project/Saved/Laberinto86C074284CDCC3DEADA2C88C764038A6.tmp' to '../../../../../../Users/albii/Desktop/ENTI/ENTI (1r)/Segundo semestre/Arte Moderno/Projecto UCME/UCME/UCME_project/Content/Level_2/Laberinto.uasset'
[2020.04.15-17.05.44:517][880]LightingResults: New page: Diseñar la iluminación
[2020.04.15-17.05.44:518][880]LoadErrors: New page: Cargando mapa: Level_3.umap
[2020.04.15-17.05.44:518][880]LogWorld: UWorld::CleanupWorld for Level_2, bSessionEnded=true, bCleanupResources=true
[2020.04.15-17.05.44:519][880]LogSlate: InvalidateAllWidgets triggered.  All widgets were invalidated
[2020.04.15-17.05.44:519][880]MapCheck: New page: Revisión del mapa
[2020.04.15-17.05.44:519][880]LightingResults: New page: Diseñar la iluminación
[2020.04.15-17.05.44:550][880]LogUObjectHash: Compacting FUObjectHashTables data took   1.88ms
[2020.04.15-17.05.44:709][880]LogEditorServer: Finished looking for orphan Actors (0.000 secs)
[2020.04.15-17.05.44:738][880]LogUObjectHash: Compacting FUObjectHashTables data took   1.48ms
[2020.04.15-17.05.44:764][880]Cmd: MAP CHECKDEP NOCLEARLOG
[2020.04.15-17.05.44:764][880]MapCheck: Map check complete: 0 Error(s), 0 Warning(s), took 0,124ms to complete.
[2020.04.15-17.05.44:764][880]LogFileHelpers: Loading map 'Level_3' took 0.248
[2020.04.15-17.05.44:817][880]AssetCheck: New page: Asset Save: Laberinto
[2020.04.15-17.05.44:817][880]LogContentValidation: Display: Validating StaticMesh /Game/Level_2/Laberinto.Laberinto
[2020.04.15-17.06.35:761][ 34]LogEditorViewport: Clicking on Actor (LMB): BP_Sky_Sphere_C (Sky Sphere)
[2020.04.15-17.06.50:285][484]Cmd: MODE GRID=1
[2020.04.15-17.06.52:523][555]Cmd: MODE GRID=0
[2020.04.15-17.06.57:712][785]LogEditorViewport: Clicking on Actor (LMB): BP_Sky_Sphere_C (Sky Sphere)
[2020.04.15-17.07.44:522][689]LogEditorViewport: Clicking on Actor (LMB): BP_Sky_Sphere_C (Sky Sphere)
[2020.04.15-17.07.59:679][270]LogEditorViewport: Clicking on Actor (LMB): BP_Sky_Sphere_C (Sky Sphere)
[2020.04.15-17.08.30:991][916]LogEditorViewport: Clicking on Actor (LMB): BP_Sky_Sphere_C (Sky Sphere)
[2020.04.15-17.08.53:237][970]LogEditorViewport: Clicking on Actor (LMB): BP_Sky_Sphere_C (Sky Sphere)
[2020.04.15-17.09.55:911][104]LogEditorViewport: Clicking on Actor (LMB): BP_Sky_Sphere_C (Sky Sphere)
[2020.04.15-17.10.30:657][588]Cmd: DELETE
[2020.04.15-17.10.30:657][588]Cmd: ACTOR DELETE
[2020.04.15-17.10.30:666][588]LogEditorActor: Deleted Actor: Brush
[2020.04.15-17.10.30:703][588]LogUObjectHash: Compacting FUObjectHashTables data took   1.43ms
[2020.04.15-17.10.30:710][588]LogEditorActor: Deleted 1 Actors (0.053 secs)
[2020.04.15-17.10.31:798][622]Cmd: DELETE
[2020.04.15-17.10.31:798][622]Cmd: ACTOR DELETE
[2020.04.15-17.10.31:801][622]LogEditorActor: Deleted Actor: Brush
[2020.04.15-17.10.31:842][622]LogUObjectHash: Compacting FUObjectHashTables data took   4.56ms
[2020.04.15-17.10.31:847][622]LogEditorActor: Deleted 1 Actors (0.049 secs)
[2020.04.15-17.10.33:124][662]Cmd: DELETE
[2020.04.15-17.10.33:124][662]Cmd: ACTOR DELETE
[2020.04.15-17.10.33:126][662]LogEditorActor: Deleted Actor: Brush
[2020.04.15-17.10.33:165][662]LogUObjectHash: Compacting FUObjectHashTables data took   1.34ms
[2020.04.15-17.10.33:187][662]LogEditorActor: Deleted 1 Actors (0.064 secs)
[2020.04.15-17.10.35:753][743]LogEditorViewport: Clicking on Actor (LMB): BP_Sky_Sphere_C (Sky Sphere)
[2020.04.15-17.10.47:105][987]LogAssetEditorSubsystem: Opening Asset editor for StaticMesh /Game/Level_2/Laberinto.Laberinto
[2020.04.15-17.10.47:762][987]LogRenderer: Reallocating scene render targets to support 1144x704 Format 10 NumSamples 1 (Frame:1).
[2020.04.15-17.10.47:762][987]LogSlate: Took 0.009893 seconds to synchronously load lazily loaded font '../../../Engine/Content/Slate/Fonts/Roboto-Italic.ttf' (157K)
[2020.04.15-17.10.52:683][ 36]LogSlate: Window 'Laberinto' being destroyed
[2020.04.15-17.10.52:738][ 36]LogSlate: Window 'Laberinto' being destroyed
[2020.04.15-17.10.52:761][ 36]LogWorld: UWorld::CleanupWorld for World_2, bSessionEnded=true, bCleanupResources=true
[2020.04.15-17.10.52:761][ 36]LogSlate: InvalidateAllWidgets triggered.  All widgets were invalidated
[2020.04.15-17.10.54:278][ 69]LogAIModule: Creating AISystem for world Level_2
[2020.04.15-17.10.54:280][ 69]LogAssetEditorSubsystem: Opening Asset editor for World /Game/Level_2/Level_2.Level_2
[2020.04.15-17.10.54:310][ 69]LogUObjectHash: Compacting FUObjectHashTables data took   1.57ms
[2020.04.15-17.10.56:135][ 69]LogSlate: Window 'Guardar contenido' being destroyed
[2020.04.15-17.10.56:184][ 69]LogUObjectHash: Compacting FUObjectHashTables data took   1.14ms
[2020.04.15-17.10.56:209][ 69]LogSavePackage: Moving '../../../../../../Users/albii/Desktop/ENTI/ENTI (1r)/Segundo semestre/Arte Moderno/Projecto UCME/UCME/UCME_project/Saved/Level_30AD7AEE145221BB97B3B91A1E2AB3E5F.tmp' to '../../../../../../Users/albii/Desktop/ENTI/ENTI (1r)/Segundo semestre/Arte Moderno/Projecto UCME/UCME/UCME_project/Content/Level_3/Level_3.umap'
[2020.04.15-17.10.56:241][ 69]LogFileHelpers: Saving map 'Level_3' took 0.091
[2020.04.15-17.10.56:242][ 69]LightingResults: New page: Diseñar la iluminación
[2020.04.15-17.10.56:242][ 69]LoadErrors: New page: Cargando mapa: Level_2.umap
[2020.04.15-17.10.56:243][ 69]LogWorld: UWorld::CleanupWorld for Level_3, bSessionEnded=true, bCleanupResources=true
[2020.04.15-17.10.56:243][ 69]LogSlate: InvalidateAllWidgets triggered.  All widgets were invalidated
[2020.04.15-17.10.56:243][ 69]MapCheck: New page: Revisión del mapa
[2020.04.15-17.10.56:243][ 69]LightingResults: New page: Diseñar la iluminación
[2020.04.15-17.10.56:278][ 69]LogUObjectHash: Compacting FUObjectHashTables data took   1.55ms
[2020.04.15-17.10.56:389][ 69]LogEditorServer: Finished looking for orphan Actors (0.000 secs)
[2020.04.15-17.10.56:419][ 69]LogUObjectHash: Compacting FUObjectHashTables data took   1.51ms
[2020.04.15-17.10.56:444][ 69]Cmd: MAP CHECKDEP NOCLEARLOG
[2020.04.15-17.10.56:445][ 69]MapCheck: Map check complete: 0 Error(s), 0 Warning(s), took 0,108ms to complete.
[2020.04.15-17.10.56:445][ 69]LogFileHelpers: Loading map 'Level_2' took 0.204
[2020.04.15-17.10.56:497][ 69]AssetCheck: New page: Asset Save: Level_3
[2020.04.15-17.10.56:497][ 69]LogContentValidation: Display: Validating World /Game/Level_3/Level_3.Level_3
[2020.04.15-17.10.56:505][ 69]LogAIModule: Creating AISystem for world Level_3
[2020.04.15-17.27.13:021][994]LogNavigationPoint: PostEditMove Clear paths rebuilt
[2020.04.15-17.27.24:183][303]LogNavigationPoint: PostEditMove Clear paths rebuilt
[2020.04.15-17.27.29:307][449]Cmd: DELETE
[2020.04.15-17.27.29:307][449]Cmd: ACTOR DELETE
[2020.04.15-17.27.29:310][449]LogEditorActor: Deleted Actor: PlayerStart
[2020.04.15-17.27.29:353][449]LogUObjectHash: Compacting FUObjectHashTables data took   2.63ms
[2020.04.15-17.27.29:358][449]LogEditorActor: Deleted 1 Actors (0.049 secs)
[2020.04.15-17.28.03:860][427]LogNavigationPoint: PostEditMove Clear paths rebuilt
[2020.04.15-17.28.06:507][500]LogNavigationPoint: PostEditMove Clear paths rebuilt
[2020.04.15-17.28.09:389][579]LogNavigationPoint: PostEditMove Clear paths rebuilt
[2020.04.15-17.28.16:643][776]LogNavigationPoint: PostEditMove Clear paths rebuilt
[2020.04.15-17.28.30:891][162]LogNavigationPoint: PostEditMove Clear paths rebuilt
[2020.04.15-17.28.43:437][499]LogNavigationPoint: PostEditMove Clear paths rebuilt
[2020.04.15-17.28.48:844][635]LogNavigationPoint: PostEditMove Clear paths rebuilt
[2020.04.15-17.28.52:537][728]LogNavigationPoint: PostEditMove Clear paths rebuilt
[2020.04.15-17.30.00:414][542]LogEditorViewport: Clicking on Actor (LMB): StaticMeshActor (Laberinto)
[2020.04.15-17.30.49:546][819]LogUObjectHash: Compacting FUObjectHashTables data took   1.30ms
[2020.04.15-17.30.49:672][819]LogSavePackage: Moving '../../../../../../Users/albii/Desktop/ENTI/ENTI (1r)/Segundo semestre/Arte Moderno/Projecto UCME/UCME/UCME_project/Saved/Level_29480656D404D4752450E89819AA2B35E.tmp' to '../../../../../../Users/albii/Desktop/ENTI/ENTI (1r)/Segundo semestre/Arte Moderno/Projecto UCME/UCME/UCME_project/Content/Level_2/Level_2.umap'
[2020.04.15-17.30.49:734][819]LogSavePackage: Moving '../../../../../../Users/albii/Desktop/ENTI/ENTI (1r)/Segundo semestre/Arte Moderno/Projecto UCME/UCME/UCME_project/Saved/Level_2_BuiltData5A1A5C31415CC7ABCF2998AB57D22C0D.tmp' to '../../../../../../Users/albii/Desktop/ENTI/ENTI (1r)/Segundo semestre/Arte Moderno/Projecto UCME/UCME/UCME_project/Content/Level_2/Level_2_BuiltData.uasset'
[2020.04.15-17.30.49:751][819]AssetCheck: New page: Asset Save: multiple assets
[2020.04.15-17.30.49:751][819]LogContentValidation: Display: Validating World /Game/Level_2/Level_2.Level_2
[2020.04.15-17.30.49:751][819]LogContentValidation: Display: Validating MapBuildDataRegistry /Game/Level_2/Level_2_BuiltData.Level_2_BuiltData
[2020.04.15-17.32.14:296][106]LogEditorViewport: Clicking on Actor (LMB): StaticMeshActor (Laberinto)
[2020.04.15-17.32.27:527][329]LogEditorViewport: Clicking on Actor (LMB): BP_Sky_Sphere_C (Sky Sphere)
[2020.04.15-17.32.29:997][392]LogEditorViewport: Clicking on Actor (LMB): StaticMeshActor (Laberinto)
[2020.04.15-17.32.55:258][ 60]Cmd: TRANSACTION UNDO
[2020.04.15-17.32.55:258][ 60]LogEditorTransaction: Undo Select Brush Surface
[2020.04.15-17.33.08:572][425]LogUObjectHash: Compacting FUObjectHashTables data took   2.02ms
[2020.04.15-17.33.08:701][425]LogSavePackage: Moving '../../../../../../Users/albii/Desktop/ENTI/ENTI (1r)/Segundo semestre/Arte Moderno/Projecto UCME/UCME/UCME_project/Saved/Level_24B5CF7DC41EB9646C20731B78089FBF6.tmp' to '../../../../../../Users/albii/Desktop/ENTI/ENTI (1r)/Segundo semestre/Arte Moderno/Projecto UCME/UCME/UCME_project/Content/Level_2/Level_2.umap'
[2020.04.15-17.33.08:757][425]LogSavePackage: Moving '../../../../../../Users/albii/Desktop/ENTI/ENTI (1r)/Segundo semestre/Arte Moderno/Projecto UCME/UCME/UCME_project/Saved/Level_2_BuiltData5B6FCC2444F06291179C1590AFB43148.tmp' to '../../../../../../Users/albii/Desktop/ENTI/ENTI (1r)/Segundo semestre/Arte Moderno/Projecto UCME/UCME/UCME_project/Content/Level_2/Level_2_BuiltData.uasset'
[2020.04.15-17.33.08:774][425]AssetCheck: New page: Asset Save: multiple assets
[2020.04.15-17.33.08:775][425]LogContentValidation: Display: Validating World /Game/Level_2/Level_2.Level_2
[2020.04.15-17.33.08:775][425]LogContentValidation: Display: Validating MapBuildDataRegistry /Game/Level_2/Level_2_BuiltData.Level_2_BuiltData
[2020.04.15-17.42.50:470][684]Cmd: BRUSH ADD SELECTNEWBRUSH
[2020.04.15-17.43.53:512][389]LogEditorViewport: Clicking on Actor (LMB): Brush (Caja Pincel)
[2020.04.15-17.44.37:476][599]LogEditorViewport: Clicking on Actor (LMB): BP_Sky_Sphere_C (Sky Sphere)
[2020.04.15-17.44.38:335][620]Cmd: TRANSACTION UNDO
[2020.04.15-17.44.38:335][620]LogEditorTransaction: Undo Pinchar en los actores
[2020.04.15-17.44.40:549][696]Cmd: TRANSACTION UNDO
[2020.04.15-17.44.40:549][696]LogEditorTransaction: Undo Editar Z
[2020.04.15-17.45.11:742][554]Cmd: TRANSACTION UNDO
[2020.04.15-17.45.11:742][554]LogEditorTransaction: Undo Move Actors
[2020.04.15-17.45.12:382][572]Cmd: TRANSACTION UNDO
[2020.04.15-17.45.12:382][572]LogEditorTransaction: Undo Editar Z
[2020.04.15-17.46.55:802][455]LogUObjectHash: Compacting FUObjectHashTables data took   1.90ms
[2020.04.15-17.46.55:944][455]LogSavePackage: Moving '../../../../../../Users/albii/Desktop/ENTI/ENTI (1r)/Segundo semestre/Arte Moderno/Projecto UCME/UCME/UCME_project/Saved/Level_2_Auto185FFEC1A46E4BA353DC4E88530570436.tmp' to '../../../../../../Users/albii/Desktop/ENTI/ENTI (1r)/Segundo semestre/Arte Moderno/Projecto UCME/UCME/UCME_project/Saved/Autosaves/Game/Level_2/Level_2_Auto1.umap'
[2020.04.15-17.46.55:947][455]LogFileHelpers: Editor autosave (incl. sublevels) for '/Game/Level_2/Level_2' took 0.173
[2020.04.15-17.46.55:947][455]LogFileHelpers: Editor autosave (incl. sublevels) for all levels took 0.173
[2020.04.15-17.52.27:326][796]LogFactory: FactoryCreateFile: StaticMesh with FbxFactory (0 0 C:\Users\albii\Desktop\Arte Moderno\Nivel 2\Paredes N2.fbx)
[2020.04.15-17.52.27:340][796]LogFbx: Loading FBX Scene from C:\Users\albii\Desktop\Arte Moderno\Nivel 2\Paredes N2.fbx
[2020.04.15-17.52.27:345][796]LogFbx: FBX Scene Loaded Succesfully
[2020.04.15-17.52.41:654][796]LogSlate: Window 'Opciones de importación de FBX' being destroyed
[2020.04.15-17.52.41:698][796]LogFbx: Display: Triangulating static mesh Box001
[2020.04.15-17.52.41:704][796]LogStaticMesh: Generando la malla estática Paredes_N2...
[2020.04.15-17.52.41:706][796]LogStaticMesh: Built static mesh [0.00s] /Game/Level_2/Paredes_N2.Paredes_N2
[2020.04.15-17.52.41:706][796]LogStaticMesh: Warning: Paredes_N2 has degenerate tangent bases which will result in incorrect shading.  MikkTSpace relies on tangent bases and may result in mesh corruption, consider disabling this option.
[2020.04.15-17.52.41:706][796]LogStaticMesh: Warning: Paredes_N2 has some nearly zero bi-normals which can create some issues. (Tolerance of 1E-4)
[2020.04.15-17.52.41:717][796]FBXImport: Warning: No smoothing group information was found in this FBX scene.  Please make sure to enable the 'Export Smoothing Groups' option in the FBX Exporter plug-in before exporting the file.  Even for tools that don't support smoothing groups, the FBX Exporter will generate appropriate smoothing data at export-time so that correct vertex normals can be inferred while importing. 
[2020.04.15-17.52.41:717][796]FBXImport: Warning: Paredes_N2 has degenerate tangent bases which will result in incorrect shading.  MikkTSpace relies on tangent bases and may result in mesh corruption, consider disabling this option. 
[2020.04.15-17.52.41:717][796]FBXImport: Warning: Paredes_N2 has some nearly zero bi-normals which can create some issues. (Tolerance of 1E-4) 
[2020.04.15-17.52.56:927][192]LogSlate: Window 'Registro del mensaje' being destroyed
[2020.04.15-17.52.56:939][192]LogSlate: Window 'Registro del mensaje' being destroyed
[2020.04.15-17.53.07:748][402]Cmd: DELETE
[2020.04.15-17.53.07:748][402]Cmd: ACTOR DELETE
[2020.04.15-17.53.07:752][402]LogEditorActor: Deleted Actor: Brush
[2020.04.15-17.53.07:796][402]LogUObjectHash: Compacting FUObjectHashTables data took   4.13ms
[2020.04.15-17.53.07:804][402]LogEditorActor: Deleted 1 Actors (0.056 secs)
[2020.04.15-17.53.09:639][454]LogUObjectHash: Compacting FUObjectHashTables data took   0.65ms
[2020.04.15-17.53.09:773][454]LogSavePackage: Moving '../../../../../../Users/albii/Desktop/ENTI/ENTI (1r)/Segundo semestre/Arte Moderno/Projecto UCME/UCME/UCME_project/Saved/Level_2CE450BEC4853E40E5B00469A723186C5.tmp' to '../../../../../../Users/albii/Desktop/ENTI/ENTI (1r)/Segundo semestre/Arte Moderno/Projecto UCME/UCME/UCME_project/Content/Level_2/Level_2.umap'
[2020.04.15-17.53.09:832][454]LogSavePackage: Moving '../../../../../../Users/albii/Desktop/ENTI/ENTI (1r)/Segundo semestre/Arte Moderno/Projecto UCME/UCME/UCME_project/Saved/Level_2_BuiltData251BAA3643BA06A66937998B5CA71E22.tmp' to '../../../../../../Users/albii/Desktop/ENTI/ENTI (1r)/Segundo semestre/Arte Moderno/Projecto UCME/UCME/UCME_project/Content/Level_2/Level_2_BuiltData.uasset'
[2020.04.15-17.53.09:853][454]AssetCheck: New page: Asset Save: multiple assets
[2020.04.15-17.53.09:853][454]LogContentValidation: Display: Validating World /Game/Level_2/Level_2.Level_2
[2020.04.15-17.53.09:853][454]LogContentValidation: Display: Validating MapBuildDataRegistry /Game/Level_2/Level_2_BuiltData.Level_2_BuiltData
[2020.04.15-17.53.19:422][714]LogEditorViewport: Clicking on Actor (LMB): StaticMeshActor (Laberinto)
